New log file opened at Sun May 03 22:55:05 CEST 2015 by 436@Cheng-PC
Sending msg to client activator-814ad56b-c624-4997-b685-64aba40a408a: TaskFinished(63,9931,Some(AttributeKey[sbt.Compiler$IncSetup]("incCompileSetup") in Scope(Build: file:/C:/Users/Cheng/computer-database-scala/, , Project: ProjectReference(file:/C:/Users/Cheng/computer-database-scala/,root), Config: compile)),true,None)
Sending msg to client activator-814ad56b-c624-4997-b685-64aba40a408a: TaskStarted(63,9900,Some(AttributeKey[sbt.Compiler$Inputs]("compileInputs") in Scope(Build: file:/C:/Users/Cheng/computer-database-scala/, , Project: ProjectReference(file:/C:/Users/Cheng/computer-database-scala/,root), Config: compile, Task: AttributeKey[sbt.inc.Analysis]("compile"))))
Sending msg to client activator-814ad56b-c624-4997-b685-64aba40a408a: TaskStarted(63,9954,Some(AttributeKey[sbt.Compiler$PreviousAnalysis]("readAnalysis") in Scope(Build: file:/C:/Users/Cheng/computer-database-scala/, , Project: ProjectReference(file:/C:/Users/Cheng/computer-database-scala/,root), Config: compile)))
Sending msg to client activator-814ad56b-c624-4997-b685-64aba40a408a: TaskFinished(63,9991,Some(AttributeKey[java.lang.ClassLoader]("webJarsClassloader") in Scope(Build: file:/C:/Users/Cheng/computer-database-scala/, , Project: ProjectReference(file:/C:/Users/Cheng/computer-database-scala/,root), Config: web-assets)),true,None)
Sending msg to client activator-814ad56b-c624-4997-b685-64aba40a408a: TaskStarted(63,9990,Some(AttributeKey[scala.collection.Seq[java.io.File]]("webJars") in Scope(Build: file:/C:/Users/Cheng/computer-database-scala/, , Project: ProjectReference(file:/C:/Users/Cheng/computer-database-scala/,root), Config: web-assets)))
Sending msg to client activator-814ad56b-c624-4997-b685-64aba40a408a: TaskFinished(63,9900,Some(AttributeKey[sbt.Compiler$Inputs]("compileInputs") in Scope(Build: file:/C:/Users/Cheng/computer-database-scala/, , Project: ProjectReference(file:/C:/Users/Cheng/computer-database-scala/,root), Config: compile, Task: AttributeKey[sbt.inc.Analysis]("compile"))),true,None)
Sending msg to client activator-814ad56b-c624-4997-b685-64aba40a408a: TaskStarted(63,9956,Some(AttributeKey[scala.Option[xsbti.Reporter]]("compilerReporter") in Scope(Build: file:/C:/Users/Cheng/computer-database-scala/, , Project: ProjectReference(file:/C:/Users/Cheng/computer-database-scala/,root), Config: compile, Task: AttributeKey[sbt.inc.Analysis]("compile"))))
Sending msg to client activator-814ad56b-c624-4997-b685-64aba40a408a: TaskFinished(63,9956,Some(AttributeKey[scala.Option[xsbti.Reporter]]("compilerReporter") in Scope(Build: file:/C:/Users/Cheng/computer-database-scala/, , Project: ProjectReference(file:/C:/Users/Cheng/computer-database-scala/,root), Config: compile, Task: AttributeKey[sbt.inc.Analysis]("compile"))),true,None)
Sending msg to client activator-814ad56b-c624-4997-b685-64aba40a408a: TaskFinished(63,9954,Some(AttributeKey[sbt.Compiler$PreviousAnalysis]("readAnalysis") in Scope(Build: file:/C:/Users/Cheng/computer-database-scala/, , Project: ProjectReference(file:/C:/Users/Cheng/computer-database-scala/,root), Config: compile)),true,None)
Sending msg to client activator-814ad56b-c624-4997-b685-64aba40a408a: TaskStarted(63,9953,Some(AttributeKey[sbt.compiler.IC$Result]("compileIncremental") in Scope(Build: file:/C:/Users/Cheng/computer-database-scala/, , Project: ProjectReference(file:/C:/Users/Cheng/computer-database-scala/,root), Config: compile)))
Sending msg to client activator-814ad56b-c624-4997-b685-64aba40a408a: TaskFinished(63,9990,Some(AttributeKey[scala.collection.Seq[java.io.File]]("webJars") in Scope(Build: file:/C:/Users/Cheng/computer-database-scala/, , Project: ProjectReference(file:/C:/Users/Cheng/computer-database-scala/,root), Config: web-assets)),true,None)
Sending msg to client activator-814ad56b-c624-4997-b685-64aba40a408a: TaskStarted(63,9989,None)
Sending msg to client activator-814ad56b-c624-4997-b685-64aba40a408a: TaskFinished(63,10003,Some(AttributeKey[scala.collection.Seq[java.io.File]]("webJarsNodeModules") in Scope(Build: file:/C:/Users/Cheng/computer-database-scala/, , Project: ProjectReference(file:/C:/Users/Cheng/computer-database-scala/,root), Config: web-plugin)),true,None)
Sending msg to client activator-814ad56b-c624-4997-b685-64aba40a408a: TaskStarted(63,10002,None)
Sending msg to client activator-814ad56b-c624-4997-b685-64aba40a408a: TaskFinished(63,10002,None,true,None)
Sending msg to client activator-814ad56b-c624-4997-b685-64aba40a408a: TaskStarted(63,10001,None)
Sending msg to client activator-814ad56b-c624-4997-b685-64aba40a408a: TaskFinished(63,10001,None,true,None)
Sending msg to client activator-814ad56b-c624-4997-b685-64aba40a408a: TaskStarted(63,10000,Some(AttributeKey[scala.collection.Seq[java.io.File]]("webNodeModules") in Scope(Build: file:/C:/Users/Cheng/computer-database-scala/, , Project: ProjectReference(file:/C:/Users/Cheng/computer-database-scala/,root), Config: web-plugin)))
Sending msg to client activator-814ad56b-c624-4997-b685-64aba40a408a: TaskFinished(63,10000,Some(AttributeKey[scala.collection.Seq[java.io.File]]("webNodeModules") in Scope(Build: file:/C:/Users/Cheng/computer-database-scala/, , Project: ProjectReference(file:/C:/Users/Cheng/computer-database-scala/,root), Config: web-plugin)),true,None)
Sending msg to client activator-814ad56b-c624-4997-b685-64aba40a408a: TaskStarted(63,9999,None)
Sending msg to client activator-814ad56b-c624-4997-b685-64aba40a408a: TaskStarted(63,10040,None)
Sending msg to client activator-814ad56b-c624-4997-b685-64aba40a408a: TaskStarted(63,10042,None)
Sending msg to client activator-814ad56b-c624-4997-b685-64aba40a408a: TaskStarted(63,10043,None)
Sending msg to client activator-814ad56b-c624-4997-b685-64aba40a408a: TaskStarted(63,10046,Some(AttributeKey[scala.Option[java.io.File]]("jshintResolvedConfig") in Scope(Build: file:/C:/Users/Cheng/computer-database-scala/, , Project: ProjectReference(file:/C:/Users/Cheng/computer-database-scala/,root))))
Sending msg to client activator-814ad56b-c624-4997-b685-64aba40a408a: TaskStarted(63,10051,None)
Sending msg to client activator-814ad56b-c624-4997-b685-64aba40a408a: TaskFinished(63,10040,None,true,None)
Sending msg to client activator-814ad56b-c624-4997-b685-64aba40a408a: TaskStarted(63,10039,Some(AttributeKey[sbt.LoggerReporter]("webReporter") in Scope(Build: file:/C:/Users/Cheng/computer-database-scala/, , Project: ProjectReference(file:/C:/Users/Cheng/computer-database-scala/,root))))
Sending msg to client activator-814ad56b-c624-4997-b685-64aba40a408a: TaskFinished(63,10042,None,true,None)
Sending msg to client activator-814ad56b-c624-4997-b685-64aba40a408a: TaskStarted(63,10041,Some(AttributeKey[java.io.File]("jstaskShellSource") in Scope(Build: file:/C:/Users/Cheng/computer-database-scala/, , Project: ProjectReference(file:/C:/Users/Cheng/computer-database-scala/,root), Task: AttributeKey[scala.collection.Seq[java.io.File]]("jshint"))))
Sending msg to client activator-814ad56b-c624-4997-b685-64aba40a408a: TaskFinished(63,10043,None,true,None)
Sending msg to client activator-814ad56b-c624-4997-b685-64aba40a408a: TaskFinished(63,10046,Some(AttributeKey[scala.Option[java.io.File]]("jshintResolvedConfig") in Scope(Build: file:/C:/Users/Cheng/computer-database-scala/, , Project: ProjectReference(file:/C:/Users/Cheng/computer-database-scala/,root))),true,None)
Sending msg to client activator-814ad56b-c624-4997-b685-64aba40a408a: TaskStarted(63,10045,Some(AttributeKey[java.lang.String]("jstaskJsOptions") in Scope(Build: file:/C:/Users/Cheng/computer-database-scala/, , Project: ProjectReference(file:/C:/Users/Cheng/computer-database-scala/,root), Task: AttributeKey[scala.collection.Seq[java.io.File]]("jshint"))))
Sending msg to client activator-814ad56b-c624-4997-b685-64aba40a408a: TaskFinished(63,10051,None,true,None)
Sending msg to client activator-814ad56b-c624-4997-b685-64aba40a408a: TaskStarted(63,10050,None)
Sending msg to client activator-814ad56b-c624-4997-b685-64aba40a408a: TaskFinished(63,10039,Some(AttributeKey[sbt.LoggerReporter]("webReporter") in Scope(Build: file:/C:/Users/Cheng/computer-database-scala/, , Project: ProjectReference(file:/C:/Users/Cheng/computer-database-scala/,root))),true,None)
Sending msg to client activator-814ad56b-c624-4997-b685-64aba40a408a: TaskFinished(63,9989,None,true,None)
Sending msg to client activator-814ad56b-c624-4997-b685-64aba40a408a: TaskStarted(63,9988,None)
Sending msg to client activator-814ad56b-c624-4997-b685-64aba40a408a: TaskFinished(63,10041,Some(AttributeKey[java.io.File]("jstaskShellSource") in Scope(Build: file:/C:/Users/Cheng/computer-database-scala/, , Project: ProjectReference(file:/C:/Users/Cheng/computer-database-scala/,root), Task: AttributeKey[scala.collection.Seq[java.io.File]]("jshint"))),true,None)
Sending msg to client activator-814ad56b-c624-4997-b685-64aba40a408a: TaskFinished(63,10045,Some(AttributeKey[java.lang.String]("jstaskJsOptions") in Scope(Build: file:/C:/Users/Cheng/computer-database-scala/, , Project: ProjectReference(file:/C:/Users/Cheng/computer-database-scala/,root), Task: AttributeKey[scala.collection.Seq[java.io.File]]("jshint"))),true,None)
Sending msg to client activator-814ad56b-c624-4997-b685-64aba40a408a: TaskLogEvent(9953,LogMessage(debug,
Initial source changes: 
	removed:Set()
	added: Set()
	modified: Set()
Removed products: Set()
External API changes: API Changes: Set()
Modified binary dependencies: Set()
Initial directly invalidated sources: Set()

Sources indirectly invalidated by:
	product: Set()
	binary dep: Set()
	external source: Set()))
Sending msg to client activator-814ad56b-c624-4997-b685-64aba40a408a: TaskStarted(63,10044,Some(AttributeKey[com.typesafe.sbt.web.incremental.OpInputHasher[java.io.File]]("jstaskFileInputHasher") in Scope(Build: file:/C:/Users/Cheng/computer-database-scala/, , Project: ProjectReference(file:/C:/Users/Cheng/computer-database-scala/,root), Config: web-assets, Task: AttributeKey[scala.collection.Seq[java.io.File]]("jshint"))))
Sending msg to client activator-814ad56b-c624-4997-b685-64aba40a408a: TaskLogEvent(9953,LogMessage(debug,All initially invalidated sources: Set()
))
Sending msg to client activator-814ad56b-c624-4997-b685-64aba40a408a: TaskStarted(63,10053,None)
Sending msg to client activator-814ad56b-c624-4997-b685-64aba40a408a: TaskFinished(63,9988,None,true,None)
Sending msg to client activator-814ad56b-c624-4997-b685-64aba40a408a: TaskStarted(63,9987,Some(AttributeKey[scala.collection.Seq[java.io.File]]("webModules") in Scope(Build: file:/C:/Users/Cheng/computer-database-scala/, , Project: ProjectReference(file:/C:/Users/Cheng/computer-database-scala/,root), Config: web-assets)))
Sending msg to client activator-814ad56b-c624-4997-b685-64aba40a408a: TaskFinished(63,10044,Some(AttributeKey[com.typesafe.sbt.web.incremental.OpInputHasher[java.io.File]]("jstaskFileInputHasher") in Scope(Build: file:/C:/Users/Cheng/computer-database-scala/, , Project: ProjectReference(file:/C:/Users/Cheng/computer-database-scala/,root), Config: web-assets, Task: AttributeKey[scala.collection.Seq[java.io.File]]("jshint"))),true,None)
Sending msg to client activator-814ad56b-c624-4997-b685-64aba40a408a: TaskFinished(63,9953,Some(AttributeKey[sbt.compiler.IC$Result]("compileIncremental") in Scope(Build: file:/C:/Users/Cheng/computer-database-scala/, , Project: ProjectReference(file:/C:/Users/Cheng/computer-database-scala/,root), Config: compile)),true,None)
Sending msg to client activator-814ad56b-c624-4997-b685-64aba40a408a: TaskStarted(63,9952,Some(AttributeKey[sbt.compiler.IC$Result]("manipulateBytecode") in Scope(Build: file:/C:/Users/Cheng/computer-database-scala/, , Project: ProjectReference(file:/C:/Users/Cheng/computer-database-scala/,root), Config: compile)))
Sending msg to client activator-814ad56b-c624-4997-b685-64aba40a408a: TaskFinished(63,10053,None,true,None)
Sending msg to client activator-814ad56b-c624-4997-b685-64aba40a408a: TaskStarted(63,10052,None)
Sending msg to client activator-814ad56b-c624-4997-b685-64aba40a408a: TaskFinished(63,9987,Some(AttributeKey[scala.collection.Seq[java.io.File]]("webModules") in Scope(Build: file:/C:/Users/Cheng/computer-database-scala/, , Project: ProjectReference(file:/C:/Users/Cheng/computer-database-scala/,root), Config: web-assets)),true,None)
Sending msg to client activator-814ad56b-c624-4997-b685-64aba40a408a: TaskStarted(63,9997,None)
Sending msg to client activator-814ad56b-c624-4997-b685-64aba40a408a: TaskStarted(63,10006,None)
Sending msg to client activator-814ad56b-c624-4997-b685-64aba40a408a: TaskFinished(63,9952,Some(AttributeKey[sbt.compiler.IC$Result]("manipulateBytecode") in Scope(Build: file:/C:/Users/Cheng/computer-database-scala/, , Project: ProjectReference(file:/C:/Users/Cheng/computer-database-scala/,root), Config: compile)),true,None)
Sending msg to client activator-814ad56b-c624-4997-b685-64aba40a408a: TaskStarted(63,9951,Some(AttributeKey[sbt.inc.Analysis]("compile") in Scope(Build: file:/C:/Users/Cheng/computer-database-scala/, , Project: ProjectReference(file:/C:/Users/Cheng/computer-database-scala/,root), Config: compile)))
Sending msg to client activator-814ad56b-c624-4997-b685-64aba40a408a: TaskFinished(63,10052,None,true,None)
Sending msg to client activator-814ad56b-c624-4997-b685-64aba40a408a: TaskFinished(63,10050,None,true,None)
Sending msg to client activator-814ad56b-c624-4997-b685-64aba40a408a: TaskStarted(63,10049,None)
Sending msg to client activator-814ad56b-c624-4997-b685-64aba40a408a: TaskStarted(63,10055,None)
Sending msg to client activator-814ad56b-c624-4997-b685-64aba40a408a: TaskStarted(63,10057,None)
Sending msg to client activator-814ad56b-c624-4997-b685-64aba40a408a: TaskFinished(63,10049,None,true,None)
Sending msg to client activator-814ad56b-c624-4997-b685-64aba40a408a: TaskStarted(63,10048,Some(AttributeKey[scala.collection.Seq[java.io.File]]("managedSources") in Scope(Build: file:/C:/Users/Cheng/computer-database-scala/, , Project: ProjectReference(file:/C:/Users/Cheng/computer-database-scala/,root), Config: web-assets, Task: AttributeKey[scala.collection.Seq[java.io.File]]("jshint"))))
Sending msg to client activator-814ad56b-c624-4997-b685-64aba40a408a: TaskStarted(63,10059,None)
Sending msg to client activator-814ad56b-c624-4997-b685-64aba40a408a: TaskStarted(63,10060,Some(AttributeKey[java.lang.String]("jstaskJsOptions") in Scope(Build: file:/C:/Users/Cheng/computer-database-scala/, , Project: ProjectReference(file:/C:/Users/Cheng/computer-database-scala/,root), Config: web-assets, Task: AttributeKey[scala.collection.Seq[java.io.File]]("coffeescript"))))
Sending msg to client activator-814ad56b-c624-4997-b685-64aba40a408a: TaskStarted(63,10065,None)
Sending msg to client activator-814ad56b-c624-4997-b685-64aba40a408a: TaskStarted(63,10068,None)
Sending msg to client activator-814ad56b-c624-4997-b685-64aba40a408a: TaskStarted(63,10071,Some(AttributeKey[java.lang.String]("jstaskJsOptions") in Scope(Build: file:/C:/Users/Cheng/computer-database-scala/, , Project: ProjectReference(file:/C:/Users/Cheng/computer-database-scala/,root), Config: web-assets, Task: AttributeKey[scala.collection.Seq[java.io.File]]("less"))))
Sending msg to client activator-814ad56b-c624-4997-b685-64aba40a408a: TaskStarted(63,10072,None)
Sending msg to client activator-814ad56b-c624-4997-b685-64aba40a408a: TaskStarted(63,10078,None)
Sending msg to client activator-814ad56b-c624-4997-b685-64aba40a408a: TaskStarted(63,10079,None)
Sending msg to client activator-814ad56b-c624-4997-b685-64aba40a408a: TaskFinished(63,9951,Some(AttributeKey[sbt.inc.Analysis]("compile") in Scope(Build: file:/C:/Users/Cheng/computer-database-scala/, , Project: ProjectReference(file:/C:/Users/Cheng/computer-database-scala/,root), Config: compile)),true,None)
Sending msg to client activator-814ad56b-c624-4997-b685-64aba40a408a: TaskStarted(63,9899,Some(AttributeKey[sbt.inc.Analysis]("compile") in Scope(Build: file:/C:/Users/Cheng/computer-database-scala/, , Project: ProjectReference(file:/C:/Users/Cheng/computer-database-scala/,root), Config: compile)))
Sending msg to client activator-814ad56b-c624-4997-b685-64aba40a408a: TaskFinished(63,10060,Some(AttributeKey[java.lang.String]("jstaskJsOptions") in Scope(Build: file:/C:/Users/Cheng/computer-database-scala/, , Project: ProjectReference(file:/C:/Users/Cheng/computer-database-scala/,root), Config: web-assets, Task: AttributeKey[scala.collection.Seq[java.io.File]]("coffeescript"))),true,None)
Sending msg to client activator-814ad56b-c624-4997-b685-64aba40a408a: TaskStarted(63,10066,Some(AttributeKey[com.typesafe.sbt.web.incremental.OpInputHasher[java.io.File]]("jstaskFileInputHasher") in Scope(Build: file:/C:/Users/Cheng/computer-database-scala/, , Project: ProjectReference(file:/C:/Users/Cheng/computer-database-scala/,root), Config: web-assets, Task: AttributeKey[scala.collection.Seq[java.io.File]]("coffeescript"))))
Sending msg to client activator-814ad56b-c624-4997-b685-64aba40a408a: TaskFinished(63,10059,None,true,None)
Sending msg to client activator-814ad56b-c624-4997-b685-64aba40a408a: TaskFinished(63,10065,None,true,None)
Sending msg to client activator-814ad56b-c624-4997-b685-64aba40a408a: TaskStarted(63,10064,None)
Sending msg to client activator-814ad56b-c624-4997-b685-64aba40a408a: TaskFinished(63,10048,Some(AttributeKey[scala.collection.Seq[java.io.File]]("managedSources") in Scope(Build: file:/C:/Users/Cheng/computer-database-scala/, , Project: ProjectReference(file:/C:/Users/Cheng/computer-database-scala/,root), Config: web-assets, Task: AttributeKey[scala.collection.Seq[java.io.File]]("jshint"))),true,None)
Sending msg to client activator-814ad56b-c624-4997-b685-64aba40a408a: TaskStarted(63,10047,Some(AttributeKey[scala.collection.Seq[java.io.File]]("sources") in Scope(Build: file:/C:/Users/Cheng/computer-database-scala/, , Project: ProjectReference(file:/C:/Users/Cheng/computer-database-scala/,root), Config: web-assets, Task: AttributeKey[scala.collection.Seq[java.io.File]]("jshint"))))
Sending msg to client activator-814ad56b-c624-4997-b685-64aba40a408a: TaskFinished(63,10068,None,true,None)
Sending msg to client activator-814ad56b-c624-4997-b685-64aba40a408a: TaskStarted(63,10067,Some(AttributeKey[java.io.File]("jstaskShellSource") in Scope(Build: file:/C:/Users/Cheng/computer-database-scala/, , Project: ProjectReference(file:/C:/Users/Cheng/computer-database-scala/,root), Task: AttributeKey[scala.collection.Seq[java.io.File]]("coffeescript"))))
Sending msg to client activator-814ad56b-c624-4997-b685-64aba40a408a: TaskFinished(63,10071,Some(AttributeKey[java.lang.String]("jstaskJsOptions") in Scope(Build: file:/C:/Users/Cheng/computer-database-scala/, , Project: ProjectReference(file:/C:/Users/Cheng/computer-database-scala/,root), Config: web-assets, Task: AttributeKey[scala.collection.Seq[java.io.File]]("less"))),true,None)
Sending msg to client activator-814ad56b-c624-4997-b685-64aba40a408a: TaskStarted(63,10070,Some(AttributeKey[com.typesafe.sbt.web.incremental.OpInputHasher[java.io.File]]("jstaskFileInputHasher") in Scope(Build: file:/C:/Users/Cheng/computer-database-scala/, , Project: ProjectReference(file:/C:/Users/Cheng/computer-database-scala/,root), Config: web-assets, Task: AttributeKey[scala.collection.Seq[java.io.File]]("less"))))
Sending msg to client activator-814ad56b-c624-4997-b685-64aba40a408a: TaskFinished(63,10078,None,true,None)
Sending msg to client activator-814ad56b-c624-4997-b685-64aba40a408a: TaskStarted(63,10077,None)
Sending msg to client activator-814ad56b-c624-4997-b685-64aba40a408a: TaskFinished(63,10079,None,true,None)
Sending msg to client activator-814ad56b-c624-4997-b685-64aba40a408a: TaskFinished(63,10072,None,true,None)
Sending msg to client activator-814ad56b-c624-4997-b685-64aba40a408a: TaskStarted(63,10073,Some(AttributeKey[java.io.File]("jstaskShellSource") in Scope(Build: file:/C:/Users/Cheng/computer-database-scala/, , Project: ProjectReference(file:/C:/Users/Cheng/computer-database-scala/,root), Task: AttributeKey[scala.collection.Seq[java.io.File]]("less"))))
Sending msg to client activator-814ad56b-c624-4997-b685-64aba40a408a: TaskStarted(63,10081,None)
Sending msg to client activator-814ad56b-c624-4997-b685-64aba40a408a: TaskFinished(63,10066,Some(AttributeKey[com.typesafe.sbt.web.incremental.OpInputHasher[java.io.File]]("jstaskFileInputHasher") in Scope(Build: file:/C:/Users/Cheng/computer-database-scala/, , Project: ProjectReference(file:/C:/Users/Cheng/computer-database-scala/,root), Config: web-assets, Task: AttributeKey[scala.collection.Seq[java.io.File]]("coffeescript"))),true,None)
Sending msg to client activator-814ad56b-c624-4997-b685-64aba40a408a: TaskFinished(63,10047,Some(AttributeKey[scala.collection.Seq[java.io.File]]("sources") in Scope(Build: file:/C:/Users/Cheng/computer-database-scala/, , Project: ProjectReference(file:/C:/Users/Cheng/computer-database-scala/,root), Config: web-assets, Task: AttributeKey[scala.collection.Seq[java.io.File]]("jshint"))),true,None)
Sending msg to client activator-814ad56b-c624-4997-b685-64aba40a408a: TaskStarted(63,10038,None)
Sending msg to client activator-814ad56b-c624-4997-b685-64aba40a408a: TaskFinished(63,10070,Some(AttributeKey[com.typesafe.sbt.web.incremental.OpInputHasher[java.io.File]]("jstaskFileInputHasher") in Scope(Build: file:/C:/Users/Cheng/computer-database-scala/, , Project: ProjectReference(file:/C:/Users/Cheng/computer-database-scala/,root), Config: web-assets, Task: AttributeKey[scala.collection.Seq[java.io.File]]("less"))),true,None)
Sending msg to client activator-814ad56b-c624-4997-b685-64aba40a408a: TaskStarted(63,10083,None)
Sending msg to client activator-814ad56b-c624-4997-b685-64aba40a408a: TaskFinished(63,10081,None,true,None)
Sending msg to client activator-814ad56b-c624-4997-b685-64aba40a408a: TaskStarted(63,10080,None)
Sending msg to client activator-814ad56b-c624-4997-b685-64aba40a408a: TaskFinished(63,10073,Some(AttributeKey[java.io.File]("jstaskShellSource") in Scope(Build: file:/C:/Users/Cheng/computer-database-scala/, , Project: ProjectReference(file:/C:/Users/Cheng/computer-database-scala/,root), Task: AttributeKey[scala.collection.Seq[java.io.File]]("less"))),true,None)
Sending msg to client activator-814ad56b-c624-4997-b685-64aba40a408a: TaskFinished(63,10067,Some(AttributeKey[java.io.File]("jstaskShellSource") in Scope(Build: file:/C:/Users/Cheng/computer-database-scala/, , Project: ProjectReference(file:/C:/Users/Cheng/computer-database-scala/,root), Task: AttributeKey[scala.collection.Seq[java.io.File]]("coffeescript"))),true,None)
Sending msg to client activator-814ad56b-c624-4997-b685-64aba40a408a: TaskFinished(63,10038,None,true,None)
Sending msg to client activator-814ad56b-c624-4997-b685-64aba40a408a: TaskFinished(63,9999,None,true,None)
Sending msg to client activator-814ad56b-c624-4997-b685-64aba40a408a: TaskStarted(63,9998,Some(AttributeKey[scala.collection.Seq[java.io.File]]("jshint") in Scope(Build: file:/C:/Users/Cheng/computer-database-scala/, , Project: ProjectReference(file:/C:/Users/Cheng/computer-database-scala/,root), Config: web-assets)))
Sending msg to client activator-814ad56b-c624-4997-b685-64aba40a408a: TaskFinished(63,10083,None,true,None)
Sending msg to client activator-814ad56b-c624-4997-b685-64aba40a408a: TaskStarted(63,10082,None)
Sending msg to client activator-814ad56b-c624-4997-b685-64aba40a408a: TaskFinished(63,10080,None,true,None)
Sending msg to client activator-814ad56b-c624-4997-b685-64aba40a408a: TaskFinished(63,10064,None,true,None)
Sending msg to client activator-814ad56b-c624-4997-b685-64aba40a408a: TaskStarted(63,10063,None)
Sending msg to client activator-814ad56b-c624-4997-b685-64aba40a408a: TaskFinished(63,9998,Some(AttributeKey[scala.collection.Seq[java.io.File]]("jshint") in Scope(Build: file:/C:/Users/Cheng/computer-database-scala/, , Project: ProjectReference(file:/C:/Users/Cheng/computer-database-scala/,root), Config: web-assets)),true,None)
Sending msg to client activator-814ad56b-c624-4997-b685-64aba40a408a: TaskFinished(63,10082,None,true,None)
Sending msg to client activator-814ad56b-c624-4997-b685-64aba40a408a: TaskFinished(63,10077,None,true,None)
Sending msg to client activator-814ad56b-c624-4997-b685-64aba40a408a: TaskStarted(63,10076,None)
Sending msg to client activator-814ad56b-c624-4997-b685-64aba40a408a: TaskFinished(63,9899,Some(AttributeKey[sbt.inc.Analysis]("compile") in Scope(Build: file:/C:/Users/Cheng/computer-database-scala/, , Project: ProjectReference(file:/C:/Users/Cheng/computer-database-scala/,root), Config: compile)),true,None)
Sending msg to client activator-814ad56b-c624-4997-b685-64aba40a408a: TaskStarted(63,9971,Some(AttributeKey[sbt.PluginDiscovery$DiscoveredNames]("discoveredSbtPlugins") in Scope(Build: file:/C:/Users/Cheng/computer-database-scala/, , Project: ProjectReference(file:/C:/Users/Cheng/computer-database-scala/,root), Config: compile)))
Sending msg to client activator-814ad56b-c624-4997-b685-64aba40a408a: TaskStarted(63,10084,Some(AttributeKey[scala.collection.Seq[java.lang.String]]("discoveredMainClasses") in Scope(Build: file:/C:/Users/Cheng/computer-database-scala/, , Project: ProjectReference(file:/C:/Users/Cheng/computer-database-scala/,root), Config: compile)))
Sending msg to client activator-814ad56b-c624-4997-b685-64aba40a408a: TaskFinished(63,10063,None,true,None)
Sending msg to client activator-814ad56b-c624-4997-b685-64aba40a408a: TaskStarted(63,10062,Some(AttributeKey[scala.collection.Seq[java.io.File]]("managedSources") in Scope(Build: file:/C:/Users/Cheng/computer-database-scala/, , Project: ProjectReference(file:/C:/Users/Cheng/computer-database-scala/,root), Config: web-assets, Task: AttributeKey[scala.collection.Seq[java.io.File]]("coffeescript"))))
Sending msg to client activator-814ad56b-c624-4997-b685-64aba40a408a: TaskFinished(63,10076,None,true,None)
Sending msg to client activator-814ad56b-c624-4997-b685-64aba40a408a: TaskStarted(63,10075,Some(AttributeKey[scala.collection.Seq[java.io.File]]("managedSources") in Scope(Build: file:/C:/Users/Cheng/computer-database-scala/, , Project: ProjectReference(file:/C:/Users/Cheng/computer-database-scala/,root), Config: web-assets, Task: AttributeKey[scala.collection.Seq[java.io.File]]("less"))))
Sending msg to client activator-814ad56b-c624-4997-b685-64aba40a408a: TaskFinished(63,10075,Some(AttributeKey[scala.collection.Seq[java.io.File]]("managedSources") in Scope(Build: file:/C:/Users/Cheng/computer-database-scala/, , Project: ProjectReference(file:/C:/Users/Cheng/computer-database-scala/,root), Config: web-assets, Task: AttributeKey[scala.collection.Seq[java.io.File]]("less"))),true,None)
Sending msg to client activator-814ad56b-c624-4997-b685-64aba40a408a: TaskStarted(63,10074,Some(AttributeKey[scala.collection.Seq[java.io.File]]("sources") in Scope(Build: file:/C:/Users/Cheng/computer-database-scala/, , Project: ProjectReference(file:/C:/Users/Cheng/computer-database-scala/,root), Config: web-assets, Task: AttributeKey[scala.collection.Seq[java.io.File]]("less"))))
Sending msg to client activator-814ad56b-c624-4997-b685-64aba40a408a: TaskFinished(63,9971,Some(AttributeKey[sbt.PluginDiscovery$DiscoveredNames]("discoveredSbtPlugins") in Scope(Build: file:/C:/Users/Cheng/computer-database-scala/, , Project: ProjectReference(file:/C:/Users/Cheng/computer-database-scala/,root), Config: compile)),true,None)
Sending msg to client activator-814ad56b-c624-4997-b685-64aba40a408a: TaskStarted(63,9970,None)
Sending msg to client activator-814ad56b-c624-4997-b685-64aba40a408a: TaskFinished(63,10074,Some(AttributeKey[scala.collection.Seq[java.io.File]]("sources") in Scope(Build: file:/C:/Users/Cheng/computer-database-scala/, , Project: ProjectReference(file:/C:/Users/Cheng/computer-database-scala/,root), Config: web-assets, Task: AttributeKey[scala.collection.Seq[java.io.File]]("less"))),true,None)
Sending msg to client activator-814ad56b-c624-4997-b685-64aba40a408a: TaskStarted(63,10069,None)
Sending msg to client activator-814ad56b-c624-4997-b685-64aba40a408a: TaskFinished(63,9970,None,true,None)
Sending msg to client activator-814ad56b-c624-4997-b685-64aba40a408a: TaskStarted(63,9969,None)
Sending msg to client activator-814ad56b-c624-4997-b685-64aba40a408a: TaskFinished(63,9969,None,true,None)
Sending msg to client activator-814ad56b-c624-4997-b685-64aba40a408a: TaskStarted(63,9968,Some(AttributeKey[scala.collection.Seq[java.io.File]]("managedResources") in Scope(Build: file:/C:/Users/Cheng/computer-database-scala/, , Project: ProjectReference(file:/C:/Users/Cheng/computer-database-scala/,root), Config: compile)))
Sending msg to client activator-814ad56b-c624-4997-b685-64aba40a408a: TaskFinished(63,9968,Some(AttributeKey[scala.collection.Seq[java.io.File]]("managedResources") in Scope(Build: file:/C:/Users/Cheng/computer-database-scala/, , Project: ProjectReference(file:/C:/Users/Cheng/computer-database-scala/,root), Config: compile)),true,None)
Sending msg to client activator-814ad56b-c624-4997-b685-64aba40a408a: TaskStarted(63,9966,Some(AttributeKey[scala.collection.Seq[java.io.File]]("resources") in Scope(Build: file:/C:/Users/Cheng/computer-database-scala/, , Project: ProjectReference(file:/C:/Users/Cheng/computer-database-scala/,root), Config: compile)))
Sending msg to client activator-814ad56b-c624-4997-b685-64aba40a408a: TaskFinished(63,10069,None,true,None)
Sending msg to client activator-814ad56b-c624-4997-b685-64aba40a408a: TaskFinished(63,10057,None,true,None)
Sending msg to client activator-814ad56b-c624-4997-b685-64aba40a408a: TaskStarted(63,10056,Some(AttributeKey[scala.collection.Seq[java.io.File]]("less") in Scope(Build: file:/C:/Users/Cheng/computer-database-scala/, , Project: ProjectReference(file:/C:/Users/Cheng/computer-database-scala/,root), Config: web-assets)))
Sending msg to client activator-814ad56b-c624-4997-b685-64aba40a408a: TaskFinished(63,10062,Some(AttributeKey[scala.collection.Seq[java.io.File]]("managedSources") in Scope(Build: file:/C:/Users/Cheng/computer-database-scala/, , Project: ProjectReference(file:/C:/Users/Cheng/computer-database-scala/,root), Config: web-assets, Task: AttributeKey[scala.collection.Seq[java.io.File]]("coffeescript"))),true,None)
Sending msg to client activator-814ad56b-c624-4997-b685-64aba40a408a: TaskStarted(63,10061,Some(AttributeKey[scala.collection.Seq[java.io.File]]("sources") in Scope(Build: file:/C:/Users/Cheng/computer-database-scala/, , Project: ProjectReference(file:/C:/Users/Cheng/computer-database-scala/,root), Config: web-assets, Task: AttributeKey[scala.collection.Seq[java.io.File]]("coffeescript"))))
Sending msg to client activator-814ad56b-c624-4997-b685-64aba40a408a: TaskFinished(63,10084,Some(AttributeKey[scala.collection.Seq[java.lang.String]]("discoveredMainClasses") in Scope(Build: file:/C:/Users/Cheng/computer-database-scala/, , Project: ProjectReference(file:/C:/Users/Cheng/computer-database-scala/,root), Config: compile)),true,None)
Sending msg to client activator-814ad56b-c624-4997-b685-64aba40a408a: ValueChanged(AttributeKey[scala.collection.Seq[java.lang.String]]("discoveredMainClasses") in Scope(Build: file:/C:/Users/Cheng/computer-database-scala/, , Project: ProjectReference(file:/C:/Users/Cheng/computer-database-scala/,root), Config: compile),TaskSuccess(BuildValue(LazyValue(List(),scala.pickling.PicklerUnpickler$DelegatingPicklerUnpickler@286bbe55),List())))
Sending msg to client activator-814ad56b-c624-4997-b685-64aba40a408a: TaskFinished(63,9966,Some(AttributeKey[scala.collection.Seq[java.io.File]]("resources") in Scope(Build: file:/C:/Users/Cheng/computer-database-scala/, , Project: ProjectReference(file:/C:/Users/Cheng/computer-database-scala/,root), Config: compile)),true,None)
Sending msg to client activator-814ad56b-c624-4997-b685-64aba40a408a: TaskStarted(63,9965,Some(AttributeKey[scala.collection.Seq[scala.Tuple2[java.io.File,java.io.File]]]("copyResources") in Scope(Build: file:/C:/Users/Cheng/computer-database-scala/, , Project: ProjectReference(file:/C:/Users/Cheng/computer-database-scala/,root), Config: compile)))
Sending msg to client activator-814ad56b-c624-4997-b685-64aba40a408a: TaskFinished(63,10061,Some(AttributeKey[scala.collection.Seq[java.io.File]]("sources") in Scope(Build: file:/C:/Users/Cheng/computer-database-scala/, , Project: ProjectReference(file:/C:/Users/Cheng/computer-database-scala/,root), Config: web-assets, Task: AttributeKey[scala.collection.Seq[java.io.File]]("coffeescript"))),true,None)
Sending msg to client activator-814ad56b-c624-4997-b685-64aba40a408a: TaskStarted(63,10058,None)
Sending msg to client activator-814ad56b-c624-4997-b685-64aba40a408a: TaskFinished(63,10056,Some(AttributeKey[scala.collection.Seq[java.io.File]]("less") in Scope(Build: file:/C:/Users/Cheng/computer-database-scala/, , Project: ProjectReference(file:/C:/Users/Cheng/computer-database-scala/,root), Config: web-assets)),true,None)
Sending msg to client activator-814ad56b-c624-4997-b685-64aba40a408a: TaskFinished(63,10006,None,true,None)
Sending msg to client activator-814ad56b-c624-4997-b685-64aba40a408a: TaskLogEvent(9965,LogMessage(debug,Copy resource mappings: 
	(C:\Users\Cheng\computer-database-scala\conf\application.conf,C:\Users\Cheng\computer-database-scala\target\scala-2.11\classes\application.conf)
	(C:\Users\Cheng\computer-database-scala\conf\evolutions,C:\Users\Cheng\computer-database-scala\target\scala-2.11\classes\evolutions)
	(C:\Users\Cheng\computer-database-scala\conf\messages,C:\Users\Cheng\computer-database-scala\target\scala-2.11\classes\messages)
	(C:\Users\Cheng\computer-database-scala\conf\routes,C:\Users\Cheng\computer-database-scala\target\scala-2.11\classes\routes)
	(C:\Users\Cheng\computer-database-scala\conf\evolutions\default,C:\Users\Cheng\computer-database-scala\target\scala-2.11\classes\evolutions\default)
	(C:\Users\Cheng\computer-database-scala\conf\evolutions\default\1.sql,C:\Users\Cheng\computer-database-scala\target\scala-2.11\classes\evolutions\default\1.sql)
	(C:\Users\Cheng\computer-database-scala\conf\evolutions\default\2.sql,C:\Users\Cheng\computer-database-scala\target\scala-2.11\classes\evolutions\default\2.sql)))
Sending msg to client activator-814ad56b-c624-4997-b685-64aba40a408a: TaskStarted(63,10005,Some(AttributeKey[scala.collection.Seq[java.io.File]]("less") in Scope(Build: file:/C:/Users/Cheng/computer-database-scala/, , Project: ProjectReference(file:/C:/Users/Cheng/computer-database-scala/,root), Config: web-assets)))
Sending msg to client activator-814ad56b-c624-4997-b685-64aba40a408a: TaskFinished(63,10058,None,true,None)
Sending msg to client activator-814ad56b-c624-4997-b685-64aba40a408a: TaskFinished(63,10055,None,true,None)
Sending msg to client activator-814ad56b-c624-4997-b685-64aba40a408a: TaskStarted(63,10054,Some(AttributeKey[scala.collection.Seq[java.io.File]]("coffeescript") in Scope(Build: file:/C:/Users/Cheng/computer-database-scala/, , Project: ProjectReference(file:/C:/Users/Cheng/computer-database-scala/,root), Config: web-assets)))
Sending msg to client activator-814ad56b-c624-4997-b685-64aba40a408a: TaskFinished(63,10005,Some(AttributeKey[scala.collection.Seq[java.io.File]]("less") in Scope(Build: file:/C:/Users/Cheng/computer-database-scala/, , Project: ProjectReference(file:/C:/Users/Cheng/computer-database-scala/,root), Config: web-assets)),true,None)
Sending msg to client activator-814ad56b-c624-4997-b685-64aba40a408a: TaskFinished(63,9965,Some(AttributeKey[scala.collection.Seq[scala.Tuple2[java.io.File,java.io.File]]]("copyResources") in Scope(Build: file:/C:/Users/Cheng/computer-database-scala/, , Project: ProjectReference(file:/C:/Users/Cheng/computer-database-scala/,root), Config: compile)),true,None)
Sending msg to client activator-814ad56b-c624-4997-b685-64aba40a408a: TaskStarted(63,9964,Some(AttributeKey[scala.collection.Seq[java.io.File]]("products") in Scope(Build: file:/C:/Users/Cheng/computer-database-scala/, , Project: ProjectReference(file:/C:/Users/Cheng/computer-database-scala/,root), Config: runtime)))
Sending msg to client activator-814ad56b-c624-4997-b685-64aba40a408a: TaskStarted(63,10037,Some(AttributeKey[scala.collection.Seq[java.io.File]]("products") in Scope(Build: file:/C:/Users/Cheng/computer-database-scala/, , Project: ProjectReference(file:/C:/Users/Cheng/computer-database-scala/,root), Config: compile)))
Sending msg to client activator-814ad56b-c624-4997-b685-64aba40a408a: TaskFinished(63,10054,Some(AttributeKey[scala.collection.Seq[java.io.File]]("coffeescript") in Scope(Build: file:/C:/Users/Cheng/computer-database-scala/, , Project: ProjectReference(file:/C:/Users/Cheng/computer-database-scala/,root), Config: web-assets)),true,None)
Sending msg to client activator-814ad56b-c624-4997-b685-64aba40a408a: TaskFinished(63,9997,None,true,None)
Sending msg to client activator-814ad56b-c624-4997-b685-64aba40a408a: TaskStarted(63,9996,Some(AttributeKey[scala.collection.Seq[java.io.File]]("coffeescript") in Scope(Build: file:/C:/Users/Cheng/computer-database-scala/, , Project: ProjectReference(file:/C:/Users/Cheng/computer-database-scala/,root), Config: web-assets)))
Sending msg to client activator-814ad56b-c624-4997-b685-64aba40a408a: TaskFinished(63,9964,Some(AttributeKey[scala.collection.Seq[java.io.File]]("products") in Scope(Build: file:/C:/Users/Cheng/computer-database-scala/, , Project: ProjectReference(file:/C:/Users/Cheng/computer-database-scala/,root), Config: runtime)),true,None)
Sending msg to client activator-814ad56b-c624-4997-b685-64aba40a408a: TaskFinished(63,9959,None,true,None)
Sending msg to client activator-814ad56b-c624-4997-b685-64aba40a408a: TaskStarted(63,9898,None)
Sending msg to client activator-814ad56b-c624-4997-b685-64aba40a408a: TaskFinished(63,10037,Some(AttributeKey[scala.collection.Seq[java.io.File]]("products") in Scope(Build: file:/C:/Users/Cheng/computer-database-scala/, , Project: ProjectReference(file:/C:/Users/Cheng/computer-database-scala/,root), Config: compile)),true,None)
Sending msg to client activator-814ad56b-c624-4997-b685-64aba40a408a: TaskFinished(63,10036,None,true,None)
Sending msg to client activator-814ad56b-c624-4997-b685-64aba40a408a: TaskStarted(63,10035,None)
Sending msg to client activator-814ad56b-c624-4997-b685-64aba40a408a: TaskFinished(63,9996,Some(AttributeKey[scala.collection.Seq[java.io.File]]("coffeescript") in Scope(Build: file:/C:/Users/Cheng/computer-database-scala/, , Project: ProjectReference(file:/C:/Users/Cheng/computer-database-scala/,root), Config: web-assets)),true,None)
Sending msg to client activator-814ad56b-c624-4997-b685-64aba40a408a: TaskStarted(63,9995,None)
Sending msg to client activator-814ad56b-c624-4997-b685-64aba40a408a: TaskFinished(63,9898,None,true,None)
Sending msg to client activator-814ad56b-c624-4997-b685-64aba40a408a: TaskStarted(63,9897,Some(AttributeKey[scala.collection.Seq[sbt.Attributed[java.io.File]]]("exportedProducts") in Scope(Build: file:/C:/Users/Cheng/computer-database-scala/, , Project: ProjectReference(file:/C:/Users/Cheng/computer-database-scala/,root), Config: runtime)))
Sending msg to client activator-814ad56b-c624-4997-b685-64aba40a408a: TaskFinished(63,10035,None,true,None)
Sending msg to client activator-814ad56b-c624-4997-b685-64aba40a408a: TaskStarted(63,10033,Some(AttributeKey[scala.collection.Seq[sbt.Attributed[java.io.File]]]("exportedProducts") in Scope(Build: file:/C:/Users/Cheng/computer-database-scala/, , Project: ProjectReference(file:/C:/Users/Cheng/computer-database-scala/,root), Config: compile)))
Sending msg to client activator-814ad56b-c624-4997-b685-64aba40a408a: TaskFinished(63,9995,None,true,None)
Sending msg to client activator-814ad56b-c624-4997-b685-64aba40a408a: TaskStarted(63,9994,None)
Sending msg to client activator-814ad56b-c624-4997-b685-64aba40a408a: TaskFinished(63,10033,Some(AttributeKey[scala.collection.Seq[sbt.Attributed[java.io.File]]]("exportedProducts") in Scope(Build: file:/C:/Users/Cheng/computer-database-scala/, , Project: ProjectReference(file:/C:/Users/Cheng/computer-database-scala/,root), Config: compile)),true,None)
Sending msg to client activator-814ad56b-c624-4997-b685-64aba40a408a: TaskStarted(63,10031,None)
Sending msg to client activator-814ad56b-c624-4997-b685-64aba40a408a: TaskFinished(63,9994,None,true,None)
Sending msg to client activator-814ad56b-c624-4997-b685-64aba40a408a: TaskStarted(63,9993,Some(AttributeKey[scala.collection.Seq[java.io.File]]("managedResources") in Scope(Build: file:/C:/Users/Cheng/computer-database-scala/, , Project: ProjectReference(file:/C:/Users/Cheng/computer-database-scala/,root), Config: web-assets)))
Sending msg to client activator-814ad56b-c624-4997-b685-64aba40a408a: TaskFinished(63,9897,Some(AttributeKey[scala.collection.Seq[sbt.Attributed[java.io.File]]]("exportedProducts") in Scope(Build: file:/C:/Users/Cheng/computer-database-scala/, , Project: ProjectReference(file:/C:/Users/Cheng/computer-database-scala/,root), Config: runtime)),true,None)
Sending msg to client activator-814ad56b-c624-4997-b685-64aba40a408a: TaskFinished(63,10031,None,true,None)
Sending msg to client activator-814ad56b-c624-4997-b685-64aba40a408a: TaskStarted(63,10030,None)
Sending msg to client activator-814ad56b-c624-4997-b685-64aba40a408a: TaskFinished(63,9993,Some(AttributeKey[scala.collection.Seq[java.io.File]]("managedResources") in Scope(Build: file:/C:/Users/Cheng/computer-database-scala/, , Project: ProjectReference(file:/C:/Users/Cheng/computer-database-scala/,root), Config: web-assets)),true,None)
Sending msg to client activator-814ad56b-c624-4997-b685-64aba40a408a: TaskStarted(63,9992,Some(AttributeKey[scala.collection.Seq[java.io.File]]("resources") in Scope(Build: file:/C:/Users/Cheng/computer-database-scala/, , Project: ProjectReference(file:/C:/Users/Cheng/computer-database-scala/,root), Config: web-assets)))
Sending msg to client activator-814ad56b-c624-4997-b685-64aba40a408a: TaskFinished(63,10030,None,true,None)
Sending msg to client activator-814ad56b-c624-4997-b685-64aba40a408a: TaskFinished(63,9858,None,true,None)
Sending msg to client activator-814ad56b-c624-4997-b685-64aba40a408a: TaskStarted(63,9857,Some(AttributeKey[scala.collection.Seq[sbt.Attributed[java.io.File]]]("internalDependencyClasspath") in Scope(Build: file:/C:/Users/Cheng/computer-database-scala/, , Project: ProjectReference(file:/C:/Users/Cheng/computer-database-scala/,root), Config: runtime)))
Sending msg to client activator-814ad56b-c624-4997-b685-64aba40a408a: TaskFinished(63,9992,Some(AttributeKey[scala.collection.Seq[java.io.File]]("resources") in Scope(Build: file:/C:/Users/Cheng/computer-database-scala/, , Project: ProjectReference(file:/C:/Users/Cheng/computer-database-scala/,root), Config: web-assets)),true,None)
Sending msg to client activator-814ad56b-c624-4997-b685-64aba40a408a: TaskStarted(63,9981,Some(AttributeKey[scala.collection.Seq[scala.Tuple2[java.io.File,java.lang.String]]]("mappings") in Scope(Build: file:/C:/Users/Cheng/computer-database-scala/, , Project: ProjectReference(file:/C:/Users/Cheng/computer-database-scala/,root), Config: web-assets)))
Sending msg to client activator-814ad56b-c624-4997-b685-64aba40a408a: TaskFinished(63,9857,Some(AttributeKey[scala.collection.Seq[sbt.Attributed[java.io.File]]]("internalDependencyClasspath") in Scope(Build: file:/C:/Users/Cheng/computer-database-scala/, , Project: ProjectReference(file:/C:/Users/Cheng/computer-database-scala/,root), Config: runtime)),true,None)
Sending msg to client activator-814ad56b-c624-4997-b685-64aba40a408a: TaskStarted(63,9856,Some(AttributeKey[scala.collection.Seq[sbt.Attributed[java.io.File]]]("playReloaderClasspath") in Scope(Build: file:/C:/Users/Cheng/computer-database-scala/, , Project: ProjectReference(file:/C:/Users/Cheng/computer-database-scala/,root))))
Sending msg to client activator-814ad56b-c624-4997-b685-64aba40a408a: TaskFinished(63,9856,Some(AttributeKey[scala.collection.Seq[sbt.Attributed[java.io.File]]]("playReloaderClasspath") in Scope(Build: file:/C:/Users/Cheng/computer-database-scala/, , Project: ProjectReference(file:/C:/Users/Cheng/computer-database-scala/,root))),true,None)
Sending msg to client activator-814ad56b-c624-4997-b685-64aba40a408a: TaskStarted(63,9855,Some(AttributeKey[scala.collection.Seq[sbt.Attributed[java.io.File]]]("playReloaderClasspath") in Scope(Build: file:/C:/Users/Cheng/computer-database-scala/, , Project: ProjectReference(file:/C:/Users/Cheng/computer-database-scala/,root))))
Sending msg to client activator-814ad56b-c624-4997-b685-64aba40a408a: TaskFinished(63,9855,Some(AttributeKey[scala.collection.Seq[sbt.Attributed[java.io.File]]]("playReloaderClasspath") in Scope(Build: file:/C:/Users/Cheng/computer-database-scala/, , Project: ProjectReference(file:/C:/Users/Cheng/computer-database-scala/,root))),true,None)
Sending msg to client activator-814ad56b-c624-4997-b685-64aba40a408a: TaskStarted(63,9854,None)
Sending msg to client activator-814ad56b-c624-4997-b685-64aba40a408a: TaskFinished(63,9854,None,true,None)
Sending msg to client activator-814ad56b-c624-4997-b685-64aba40a408a: TaskFinished(63,9981,Some(AttributeKey[scala.collection.Seq[scala.Tuple2[java.io.File,java.lang.String]]]("mappings") in Scope(Build: file:/C:/Users/Cheng/computer-database-scala/, , Project: ProjectReference(file:/C:/Users/Cheng/computer-database-scala/,root), Config: web-assets)),true,None)
Sending msg to client activator-814ad56b-c624-4997-b685-64aba40a408a: TaskStarted(63,9978,Some(AttributeKey[scala.collection.Seq[scala.Tuple2[java.io.File,java.lang.String]]]("mappings") in Scope(Build: file:/C:/Users/Cheng/computer-database-scala/, , Project: ProjectReference(file:/C:/Users/Cheng/computer-database-scala/,root), Config: web-assets)))
Sending msg to client activator-814ad56b-c624-4997-b685-64aba40a408a: TaskFinished(63,9978,Some(AttributeKey[scala.collection.Seq[scala.Tuple2[java.io.File,java.lang.String]]]("mappings") in Scope(Build: file:/C:/Users/Cheng/computer-database-scala/, , Project: ProjectReference(file:/C:/Users/Cheng/computer-database-scala/,root), Config: web-assets)),true,None)
Sending msg to client activator-814ad56b-c624-4997-b685-64aba40a408a: TaskStarted(63,9977,Some(AttributeKey[scala.collection.Seq[scala.Tuple2[java.io.File,java.lang.String]]]("mappings") in Scope(Build: file:/C:/Users/Cheng/computer-database-scala/, , Project: ProjectReference(file:/C:/Users/Cheng/computer-database-scala/,root), Config: web-assets)))
Sending msg to client activator-814ad56b-c624-4997-b685-64aba40a408a: TaskFinished(63,9977,Some(AttributeKey[scala.collection.Seq[scala.Tuple2[java.io.File,java.lang.String]]]("mappings") in Scope(Build: file:/C:/Users/Cheng/computer-database-scala/, , Project: ProjectReference(file:/C:/Users/Cheng/computer-database-scala/,root), Config: web-assets)),true,None)
Sending msg to client activator-814ad56b-c624-4997-b685-64aba40a408a: TaskStarted(63,9976,Some(AttributeKey[java.io.File]("assets") in Scope(Build: file:/C:/Users/Cheng/computer-database-scala/, , Project: ProjectReference(file:/C:/Users/Cheng/computer-database-scala/,root), Config: web-assets)))
Sending msg to client activator-814ad56b-c624-4997-b685-64aba40a408a: TaskFinished(63,9976,Some(AttributeKey[java.io.File]("assets") in Scope(Build: file:/C:/Users/Cheng/computer-database-scala/, , Project: ProjectReference(file:/C:/Users/Cheng/computer-database-scala/,root), Config: web-assets)),true,None)
Sending msg to client activator-814ad56b-c624-4997-b685-64aba40a408a: TaskStarted(63,9975,None)
Sending msg to client activator-814ad56b-c624-4997-b685-64aba40a408a: TaskFinished(63,9975,None,true,None)
Sending msg to client activator-814ad56b-c624-4997-b685-64aba40a408a: TaskStarted(63,9974,Some(AttributeKey[sbt.inc.Analysis]("playAssetsWithCompilation") in Scope(Build: file:/C:/Users/Cheng/computer-database-scala/, , Project: ProjectReference(file:/C:/Users/Cheng/computer-database-scala/,root))))
Sending msg to client activator-814ad56b-c624-4997-b685-64aba40a408a: TaskFinished(63,9974,Some(AttributeKey[sbt.inc.Analysis]("playAssetsWithCompilation") in Scope(Build: file:/C:/Users/Cheng/computer-database-scala/, , Project: ProjectReference(file:/C:/Users/Cheng/computer-database-scala/,root))),true,None)
Sending msg to client activator-814ad56b-c624-4997-b685-64aba40a408a: TaskStarted(63,9973,None)
Sending msg to client activator-814ad56b-c624-4997-b685-64aba40a408a: TaskFinished(63,9973,None,true,None)
Sending msg to client activator-814ad56b-c624-4997-b685-64aba40a408a: TaskFinished(63,9963,Some(AttributeKey[scala.collection.Seq[sbt.inc.Analysis]]("playCompileEverything") in Scope(Build: file:/C:/Users/Cheng/computer-database-scala/, , Project: ProjectReference(file:/C:/Users/Cheng/computer-database-scala/,root))),true,None)
Sending msg to client activator-814ad56b-c624-4997-b685-64aba40a408a: TaskStarted(63,9962,Some(AttributeKey[sbt.inc.Analysis]("playReload") in Scope(Build: file:/C:/Users/Cheng/computer-database-scala/, , Project: ProjectReference(file:/C:/Users/Cheng/computer-database-scala/,root))))
Sending msg to client activator-814ad56b-c624-4997-b685-64aba40a408a: TaskFinished(63,9962,Some(AttributeKey[sbt.inc.Analysis]("playReload") in Scope(Build: file:/C:/Users/Cheng/computer-database-scala/, , Project: ProjectReference(file:/C:/Users/Cheng/computer-database-scala/,root))),true,None)
Sending msg to client activator-814ad56b-c624-4997-b685-64aba40a408a: TaskStarted(63,9961,None)
Sending msg to client activator-814ad56b-c624-4997-b685-64aba40a408a: TaskFinished(63,9961,None,true,None)
Sending msg to client activator-814ad56b-c624-4997-b685-64aba40a408a: TaskStarted(63,9852,Some(AttributeKey[play.runsupport.Reloader$CompileResult]("playForkReload") in Scope(Build: file:/C:/Users/Cheng/computer-database-scala/, , Project: ProjectReference(file:/C:/Users/Cheng/computer-database-scala/,root))))
Sending msg to client activator-814ad56b-c624-4997-b685-64aba40a408a: TaskFinished(63,9852,Some(AttributeKey[play.runsupport.Reloader$CompileResult]("playForkReload") in Scope(Build: file:/C:/Users/Cheng/computer-database-scala/, , Project: ProjectReference(file:/C:/Users/Cheng/computer-database-scala/,root))),true,None)
Sending msg to client activator-814ad56b-c624-4997-b685-64aba40a408a: TaskStarted(63,9851,None)
Sending msg to client activator-814ad56b-c624-4997-b685-64aba40a408a: TaskFinished(63,9851,None,true,None)
Sending msg to client activator-814ad56b-c624-4997-b685-64aba40a408a: TaskStarted(63,9850,None)
Sending msg to client activator-814ad56b-c624-4997-b685-64aba40a408a: TaskFinished(63,9850,None,true,None)
Sending msg to client activator-814ad56b-c624-4997-b685-64aba40a408a: DetachedLogEvent(LogMessage(debug,cancel strategy finish enabled=false lastCommand=Some(LastCommand(CommandExecutionWork(ExecutionId(63),{file:/C:/Users/Cheng/computer-database-scala/}root/*:playForkReload,Set(LiveClient(play-fork-run c43ed4bd-5f0b-4606-a2f2-be16760c4d58)),sbt.server.WorkCancellationStatus$$anon$1@7a733a6)))))
Sending msg to client activator-814ad56b-c624-4997-b685-64aba40a408a: DetachedLogEvent(LogSuccess(Total time: 0 s, completed 03.05.2015 22:55:05))
Sending msg to client activator-814ad56b-c624-4997-b685-64aba40a408a: DetachedLogEvent(LogMessage(debug,> server-post-command-cleanup))
Sending msg to client activator-814ad56b-c624-4997-b685-64aba40a408a: ExecutionSuccess(63)
Sending msg to client activator-814ad56b-c624-4997-b685-64aba40a408a: DetachedLogEvent(LogMessage(debug,> server-handle-next-server-request))
Sending msg to client activator-814ad56b-c624-4997-b685-64aba40a408a: BackgroundJobLogEvent(5,LogMessage(info,))
Sending msg to client activator-814ad56b-c624-4997-b685-64aba40a408a: BackgroundJobLogEvent(5,LogMessage(info,--- (RELOAD) ---))
Sending msg to client activator-814ad56b-c624-4997-b685-64aba40a408a: BackgroundJobLogEvent(5,LogMessage(info,))
Sending msg to client activator-814ad56b-c624-4997-b685-64aba40a408a: BackgroundJobLogEvent(5,LogMessage(info,play - database [default] connected at jdbc:h2:mem:play))
Sending msg to client activator-814ad56b-c624-4997-b685-64aba40a408a: BackgroundJobLogEvent(5,LogMessage(info,play - Application started (Dev)))
