New log file opened at Sun May 03 21:15:23 CEST 2015 by 436@Cheng-PC
Sending msg to client play-fork-run-ac7a0870-dc64-4ef1-af20-baee160a2faf: DetachedLogEvent(LogMessage(debug,sbt server socket logs are in: C:\Users\Cheng\computer-database-scala\.sbtserver\connections\master.log))
Sending msg to client play-fork-run-ac7a0870-dc64-4ef1-af20-baee160a2faf: DetachedLogEvent(LogMessage(debug,sbt client logs are in: C:\Users\Cheng\computer-database-scala\.sbtserver\connections\play-fork-run-ac7a0870-dc64-4ef1-af20-baee160a2faf.log))
Sending msg to client play-fork-run-ac7a0870-dc64-4ef1-af20-baee160a2faf: DetachedLogEvent(LogMessage(debug,sbt general server logs are in: C:\Users\Cheng\computer-database-scala\.sbtserver\master.log))
Reading next message from client.
Got request: DaemonRequest(true)
Reading next message from client.
Sending msg to client play-fork-run-ac7a0870-dc64-4ef1-af20-baee160a2faf: (3,ReceivedResponse())
Got request: ListenToEvents()
Reading next message from client.
Sending msg to client play-fork-run-ac7a0870-dc64-4ef1-af20-baee160a2faf: ExecutionWaiting(20,test,ClientInfo(814ad56b-c624-4997-b685-64aba40a408a,activator,Activator,1,Vector()))
Sending msg to client play-fork-run-ac7a0870-dc64-4ef1-af20-baee160a2faf: ExecutionStarting(20)
Sending msg to client play-fork-run-ac7a0870-dc64-4ef1-af20-baee160a2faf: TaskStarted(20,2001,None)
Sending msg to client play-fork-run-ac7a0870-dc64-4ef1-af20-baee160a2faf: TaskStarted(20,2012,Some(AttributeKey[sbt.compiler.IC$Result]("compileIncremental") in Scope(Build: file:/C:/Users/Cheng/computer-database-scala/, , Project: ProjectReference(file:/C:/Users/Cheng/computer-database-scala/,root), Config: test)))
Sending msg to client play-fork-run-ac7a0870-dc64-4ef1-af20-baee160a2faf: BackgroundJobStarted(19,BackgroundJobInfo(3,backgroundRun,AttributeKey[sbt.BackgroundJobHandle]("backgroundRun") in Scope(Build: file:/C:/Users/Cheng/computer-database-scala/, , Project: ProjectReference(file:/C:/Users/Cheng/computer-database-scala/,root), Config: compile)))
Sending msg to client play-fork-run-ac7a0870-dc64-4ef1-af20-baee160a2faf: (4,ReceivedResponse())
Got request: KeyLookupRequest(root/playForkConfig)
Reading next message from client.
Sending msg to client play-fork-run-ac7a0870-dc64-4ef1-af20-baee160a2faf: (5,KeyLookupResponse(root/playForkConfig,Vector(AttributeKey[play.forkrun.protocol.ForkConfig]("playForkConfig") in Scope(Build: file:/C:/Users/Cheng/computer-database-scala/, , Project: ProjectReference(file:/C:/Users/Cheng/computer-database-scala/,root)))))
Got request: ListenToValue(AttributeKey[play.forkrun.protocol.ForkConfig]("playForkConfig") in Scope(Build: file:/C:/Users/Cheng/computer-database-scala/, , Project: ProjectReference(file:/C:/Users/Cheng/computer-database-scala/,root)))
Reading next message from client.
Sending msg to client play-fork-run-ac7a0870-dc64-4ef1-af20-baee160a2faf: (6,ReceivedResponse())
Got request: KeyExecutionRequest(AttributeKey[play.forkrun.protocol.ForkConfig]("playForkConfig") in Scope(Build: file:/C:/Users/Cheng/computer-database-scala/, , Project: ProjectReference(file:/C:/Users/Cheng/computer-database-scala/,root)))
Reading next message from client.
Sending msg to client play-fork-run-ac7a0870-dc64-4ef1-af20-baee160a2faf: (7,ExecutionRequestReceived(21))
Sending msg to client play-fork-run-ac7a0870-dc64-4ef1-af20-baee160a2faf: ExecutionWaiting(21,{file:/C:/Users/Cheng/computer-database-scala/}root/*:playForkConfig,ClientInfo(ac7a0870-dc64-4ef1-af20-baee160a2faf,play-fork-run,Play Fork Run,1,Vector()))
Sending msg to client play-fork-run-ac7a0870-dc64-4ef1-af20-baee160a2faf: ExecutionWaiting(22,jobStop 3,ClientInfo(814ad56b-c624-4997-b685-64aba40a408a,activator,Activator,1,Vector()))
Sending msg to client play-fork-run-ac7a0870-dc64-4ef1-af20-baee160a2faf: TaskLogEvent(2012,LogMessage(debug,Scala compilation took 30.553013266 s))
Sending msg to client play-fork-run-ac7a0870-dc64-4ef1-af20-baee160a2faf: TaskLogEvent(2012,LogMessage(debug,Invalidating C:\Users\Cheng\computer-database-scala\test\ApplicationSpec.scala...))
Sending msg to client play-fork-run-ac7a0870-dc64-4ef1-af20-baee160a2faf: TaskLogEvent(2012,LogMessage(debug,Invalidating (transitively) by inheritance from C:\Users\Cheng\computer-database-scala\test\ApplicationSpec.scala...))
Sending msg to client play-fork-run-ac7a0870-dc64-4ef1-af20-baee160a2faf: TaskLogEvent(2012,LogMessage(debug,Initial set of included nodes: Set(C:\Users\Cheng\computer-database-scala\test\ApplicationSpec.scala)))
Sending msg to client play-fork-run-ac7a0870-dc64-4ef1-af20-baee160a2faf: TaskLogEvent(2012,LogMessage(debug,Invalidated by transitive inheritance dependency: Set(C:\Users\Cheng\computer-database-scala\test\ApplicationSpec.scala)))
Sending msg to client play-fork-run-ac7a0870-dc64-4ef1-af20-baee160a2faf: TaskLogEvent(2012,LogMessage(debug,The C:\Users\Cheng\computer-database-scala\test\ApplicationSpec.scala source file has the following implicit definitions changed:
	seqToResult, TupleMatcher8, implicitParam9, describeExpectation, asResult, toNotStringMatcher, fragmentsFragmentAndFormattingFragment, dataTableFragments, implicitParam4, doAfter, fragmentIsSpecPart, akaShould, thisBlock, matchFragments, resultExample, ContainSeqMatcherFunction, specificationStructureToFragments, resultFunction, matcherSeqIsContainCheckSeq, functionToMatcher, TupleMatcher11, implicitsAreAllowed, stringToHtmlLinkFragments, TupleMatcher3, TupleMatcher14, EitherResultMatcher, matchExample, akaMust, implicitParam1, fragmentsFragmentToFragments, AdaptFunction, toExceptionMatcher, functionAndMessagesToMatcher, argumentsFragment, toNeutralMatcherNumeric, TupleMatcher10, scalaArrayIsSized, anyBeHaveMatcher, toMapValueResultMatcher, stringToHtmlLinkFragments2, functionToMatcher2, fragmentTaggedAs, TupleMatcher21, booleanFragmentsFragment, fragments, toNeutralMatcherOrdered, resultFragments, fragmentAndFormattingFragment, implicitParam8, textAndFormattingFragment, InvariantMatcherFunction, stringMatcherIsTraversableMatcher, pairFunctionToMatcher, booleanFragments, theValue, anyToArgProperty, identifySpecificationStructure, combineBoolean, TupleMatcher6, TupleMatcher15, functionIsValueCheck, MatcherFunction, stringMatcher, fragmentFragments, TupleMatcher7, implicitParam3, FutureMatchable, toMapKeyResultMatcher, timesFor, toStringResultMatcher, tripletFunctionToMatcher, described, concurrentToSpecs2, partialfunctionIsValueCheck, toTryResultMatcher, fixtureFunctionToResult, text, ToFormattingTagParameter, downcastBeEqualTypedValueCheck, describe, stringMatcherFunctionToBynameMatcherFunction, specStructureIsSpecPart, aBooleanExample, TupleMatcher20, doBefore, implicitParam7, longAsTime, implicitParam, debug, anyAsResultIsSpecPart, TupleMatcher22, futureAsResult, functionAndKoMessageToMatcher, matcherIsValueCheck, TupleMatcher5, TupleMatcher16, textFragment, booleanExample, aMatchResultExample, specIdentificationMarkdownLink, intToRichLong, toAnyMatcherResult, implicitParam2, theBlock, skippedResult, matchFragmentsFragment, pendingResult, fragmentsFragments, textStart, implicitParam10, toOrderedResultMatcher, combineMatchResult, implicitParam6, ***If you see this message this means that you've forgotten an operator after the description string: you should write "example" >> result ***, checkableSeqIsContainCheckSeq, scalaTraversableIsSized, toAnyRefMatcherResult, ToDelta, toPendingUntilFixed, toMapResultMatcher, TupleMatcher12, postfixOpsAreAllowed, include, TupleMatcher19, matchResultFunctionToMatcher, fragmentsTaggedAs, fragmentsAndFormattingFragment, lazyParameter, TupleMatcher17, orderedSeqMatchResult, stringIsSpecPart, specificationInStringContext, TupleMatcher18, anyWithEmpty, traversable, toNeutralStringMatcher, forExample, outsideFunctionToResult, TupleMatcher4, title, TupleMatcher9, toBeLikeResultMatcher, asResultIsSpecPart, thisValue, aResultExample, combineResult, toNumericResultMatcher, aDataTableExample, toResult, concurrentExecutionContext, exampleIsSpecPart, fromMatchResult, canBeEqual, sized, argumentsIsSpecPart, dataTableExample, doAround, fragmentsFragmentIsSpecPart, toPartialFunctionResultMatcher, markdownLinkIsSpecPart, javaCollectionIsSized, fragmentsIsSpecPart, TupleMatcher13, inExample, toOptionResultMatcher, stringIsSized, implicitParam5, toClassMatcherResult, TupleMatcher2, exampleFactory, matcherContainResult.
All member reference dependencies will be considered within this context.))
Sending msg to client play-fork-run-ac7a0870-dc64-4ef1-af20-baee160a2faf: TaskLogEvent(2012,LogMessage(debug,Invalidating C:\Users\Cheng\computer-database-scala\test\IntegrationSpec.scala...))
Sending msg to client play-fork-run-ac7a0870-dc64-4ef1-af20-baee160a2faf: TaskLogEvent(2012,LogMessage(debug,Invalidating (transitively) by inheritance from C:\Users\Cheng\computer-database-scala\test\IntegrationSpec.scala...))
Sending msg to client play-fork-run-ac7a0870-dc64-4ef1-af20-baee160a2faf: TaskLogEvent(2012,LogMessage(debug,Initial set of included nodes: Set(C:\Users\Cheng\computer-database-scala\test\IntegrationSpec.scala)))
Sending msg to client play-fork-run-ac7a0870-dc64-4ef1-af20-baee160a2faf: TaskLogEvent(2012,LogMessage(debug,Invalidated by transitive inheritance dependency: Set(C:\Users\Cheng\computer-database-scala\test\IntegrationSpec.scala)))
Sending msg to client play-fork-run-ac7a0870-dc64-4ef1-af20-baee160a2faf: TaskLogEvent(2012,LogMessage(debug,The C:\Users\Cheng\computer-database-scala\test\IntegrationSpec.scala source file has the following implicit definitions changed:
	seqToResult, TupleMatcher8, implicitParam9, describeExpectation, asResult, toNotStringMatcher, fragmentsFragmentAndFormattingFragment, dataTableFragments, implicitParam4, doAfter, fragmentIsSpecPart, akaShould, thisBlock, matchFragments, resultExample, ContainSeqMatcherFunction, specificationStructureToFragments, resultFunction, matcherSeqIsContainCheckSeq, functionToMatcher, TupleMatcher11, implicitsAreAllowed, stringToHtmlLinkFragments, TupleMatcher3, TupleMatcher14, EitherResultMatcher, matchExample, akaMust, implicitParam1, fragmentsFragmentToFragments, AdaptFunction, toExceptionMatcher, functionAndMessagesToMatcher, argumentsFragment, toNeutralMatcherNumeric, TupleMatcher10, scalaArrayIsSized, anyBeHaveMatcher, toMapValueResultMatcher, stringToHtmlLinkFragments2, functionToMatcher2, fragmentTaggedAs, TupleMatcher21, booleanFragmentsFragment, fragments, toNeutralMatcherOrdered, resultFragments, fragmentAndFormattingFragment, implicitParam8, textAndFormattingFragment, InvariantMatcherFunction, stringMatcherIsTraversableMatcher, pairFunctionToMatcher, booleanFragments, theValue, anyToArgProperty, identifySpecificationStructure, combineBoolean, TupleMatcher6, TupleMatcher15, functionIsValueCheck, MatcherFunction, stringMatcher, fragmentFragments, TupleMatcher7, implicitParam3, FutureMatchable, toMapKeyResultMatcher, timesFor, toStringResultMatcher, tripletFunctionToMatcher, described, concurrentToSpecs2, partialfunctionIsValueCheck, toTryResultMatcher, fixtureFunctionToResult, text, ToFormattingTagParameter, downcastBeEqualTypedValueCheck, describe, stringMatcherFunctionToBynameMatcherFunction, specStructureIsSpecPart, aBooleanExample, TupleMatcher20, doBefore, implicitParam7, longAsTime, implicitParam, debug, anyAsResultIsSpecPart, TupleMatcher22, futureAsResult, functionAndKoMessageToMatcher, matcherIsValueCheck, TupleMatcher5, TupleMatcher16, textFragment, booleanExample, aMatchResultExample, specIdentificationMarkdownLink, intToRichLong, toAnyMatcherResult, implicitParam2, theBlock, skippedResult, matchFragmentsFragment, pendingResult, fragmentsFragments, textStart, implicitParam10, toOrderedResultMatcher, combineMatchResult, implicitParam6, ***If you see this message this means that you've forgotten an operator after the description string: you should write "example" >> result ***, checkableSeqIsContainCheckSeq, scalaTraversableIsSized, toAnyRefMatcherResult, ToDelta, toPendingUntilFixed, toMapResultMatcher, TupleMatcher12, postfixOpsAreAllowed, include, TupleMatcher19, matchResultFunctionToMatcher, fragmentsTaggedAs, fragmentsAndFormattingFragment, lazyParameter, TupleMatcher17, orderedSeqMatchResult, stringIsSpecPart, specificationInStringContext, TupleMatcher18, anyWithEmpty, traversable, toNeutralStringMatcher, forExample, outsideFunctionToResult, TupleMatcher4, title, TupleMatcher9, toBeLikeResultMatcher, asResultIsSpecPart, thisValue, aResultExample, combineResult, toNumericResultMatcher, aDataTableExample, toResult, concurrentExecutionContext, exampleIsSpecPart, fromMatchResult, canBeEqual, sized, argumentsIsSpecPart, dataTableExample, doAround, fragmentsFragmentIsSpecPart, toPartialFunctionResultMatcher, markdownLinkIsSpecPart, javaCollectionIsSized, fragmentsIsSpecPart, TupleMatcher13, inExample, toOptionResultMatcher, stringIsSized, implicitParam5, toClassMatcherResult, TupleMatcher2, exampleFactory, matcherContainResult.
All member reference dependencies will be considered within this context.))
Sending msg to client play-fork-run-ac7a0870-dc64-4ef1-af20-baee160a2faf: TaskLogEvent(2012,LogMessage(debug,Invalidating C:\Users\Cheng\computer-database-scala\test\ModelSpec.scala...))
Sending msg to client play-fork-run-ac7a0870-dc64-4ef1-af20-baee160a2faf: TaskLogEvent(2012,LogMessage(debug,Invalidating (transitively) by inheritance from C:\Users\Cheng\computer-database-scala\test\ModelSpec.scala...))
Sending msg to client play-fork-run-ac7a0870-dc64-4ef1-af20-baee160a2faf: TaskLogEvent(2012,LogMessage(debug,Initial set of included nodes: Set(C:\Users\Cheng\computer-database-scala\test\ModelSpec.scala)))
Sending msg to client play-fork-run-ac7a0870-dc64-4ef1-af20-baee160a2faf: TaskLogEvent(2012,LogMessage(debug,Invalidated by transitive inheritance dependency: Set(C:\Users\Cheng\computer-database-scala\test\ModelSpec.scala)))
Sending msg to client play-fork-run-ac7a0870-dc64-4ef1-af20-baee160a2faf: TaskLogEvent(2012,LogMessage(debug,The C:\Users\Cheng\computer-database-scala\test\ModelSpec.scala source file has the following implicit definitions changed:
	seqToResult, TupleMatcher8, implicitParam9, describeExpectation, asResult, toNotStringMatcher, fragmentsFragmentAndFormattingFragment, dataTableFragments, implicitParam4, doAfter, fragmentIsSpecPart, akaShould, thisBlock, matchFragments, resultExample, ContainSeqMatcherFunction, specificationStructureToFragments, resultFunction, matcherSeqIsContainCheckSeq, functionToMatcher, TupleMatcher11, implicitsAreAllowed, stringToHtmlLinkFragments, TupleMatcher3, TupleMatcher14, EitherResultMatcher, matchExample, akaMust, implicitParam1, fragmentsFragmentToFragments, AdaptFunction, toExceptionMatcher, functionAndMessagesToMatcher, argumentsFragment, toNeutralMatcherNumeric, TupleMatcher10, scalaArrayIsSized, anyBeHaveMatcher, toMapValueResultMatcher, stringToHtmlLinkFragments2, functionToMatcher2, fragmentTaggedAs, TupleMatcher21, booleanFragmentsFragment, fragments, toNeutralMatcherOrdered, resultFragments, fragmentAndFormattingFragment, implicitParam8, textAndFormattingFragment, InvariantMatcherFunction, stringMatcherIsTraversableMatcher, pairFunctionToMatcher, booleanFragments, theValue, anyToArgProperty, identifySpecificationStructure, combineBoolean, TupleMatcher6, TupleMatcher15, functionIsValueCheck, MatcherFunction, stringMatcher, fragmentFragments, TupleMatcher7, implicitParam3, FutureMatchable, toMapKeyResultMatcher, timesFor, toStringResultMatcher, tripletFunctionToMatcher, described, concurrentToSpecs2, partialfunctionIsValueCheck, toTryResultMatcher, fixtureFunctionToResult, text, ToFormattingTagParameter, downcastBeEqualTypedValueCheck, describe, stringMatcherFunctionToBynameMatcherFunction, specStructureIsSpecPart, aBooleanExample, TupleMatcher20, doBefore, implicitParam7, longAsTime, implicitParam, debug, anyAsResultIsSpecPart, TupleMatcher22, futureAsResult, functionAndKoMessageToMatcher, matcherIsValueCheck, TupleMatcher5, TupleMatcher16, textFragment, booleanExample, aMatchResultExample, specIdentificationMarkdownLink, intToRichLong, toAnyMatcherResult, implicitParam2, theBlock, skippedResult, matchFragmentsFragment, pendingResult, fragmentsFragments, textStart, implicitParam10, toOrderedResultMatcher, combineMatchResult, implicitParam6, ***If you see this message this means that you've forgotten an operator after the description string: you should write "example" >> result ***, checkableSeqIsContainCheckSeq, scalaTraversableIsSized, toAnyRefMatcherResult, ToDelta, toPendingUntilFixed, toMapResultMatcher, TupleMatcher12, postfixOpsAreAllowed, include, TupleMatcher19, matchResultFunctionToMatcher, fragmentsTaggedAs, fragmentsAndFormattingFragment, lazyParameter, TupleMatcher17, orderedSeqMatchResult, stringIsSpecPart, specificationInStringContext, TupleMatcher18, anyWithEmpty, traversable, toNeutralStringMatcher, forExample, outsideFunctionToResult, TupleMatcher4, title, TupleMatcher9, toBeLikeResultMatcher, asResultIsSpecPart, thisValue, aResultExample, combineResult, toNumericResultMatcher, aDataTableExample, toResult, concurrentExecutionContext, exampleIsSpecPart, fromMatchResult, canBeEqual, sized, argumentsIsSpecPart, dataTableExample, doAround, fragmentsFragmentIsSpecPart, toPartialFunctionResultMatcher, markdownLinkIsSpecPart, javaCollectionIsSized, fragmentsIsSpecPart, TupleMatcher13, inExample, toOptionResultMatcher, stringIsSized, implicitParam5, toClassMatcherResult, TupleMatcher2, exampleFactory, matcherContainResult.
All member reference dependencies will be considered within this context.))
Sending msg to client play-fork-run-ac7a0870-dc64-4ef1-af20-baee160a2faf: TaskLogEvent(2012,LogMessage(debug,New invalidations:
	Set()))
Sending msg to client play-fork-run-ac7a0870-dc64-4ef1-af20-baee160a2faf: TaskLogEvent(2012,LogMessage(debug,Initial set of included nodes: Set()))
Sending msg to client play-fork-run-ac7a0870-dc64-4ef1-af20-baee160a2faf: TaskLogEvent(2012,LogMessage(debug,Previously invalidated, but (transitively) depend on new invalidations:
	Set()))
Sending msg to client play-fork-run-ac7a0870-dc64-4ef1-af20-baee160a2faf: TaskLogEvent(2012,LogMessage(debug,All newly invalidated sources after taking into account (previously) recompiled sources:Set()))
Sending msg to client play-fork-run-ac7a0870-dc64-4ef1-af20-baee160a2faf: TaskFinished(20,2012,Some(AttributeKey[sbt.compiler.IC$Result]("compileIncremental") in Scope(Build: file:/C:/Users/Cheng/computer-database-scala/, , Project: ProjectReference(file:/C:/Users/Cheng/computer-database-scala/,root), Config: test)),true,None)
Sending msg to client play-fork-run-ac7a0870-dc64-4ef1-af20-baee160a2faf: TaskStarted(20,2011,Some(AttributeKey[sbt.compiler.IC$Result]("manipulateBytecode") in Scope(Build: file:/C:/Users/Cheng/computer-database-scala/, , Project: ProjectReference(file:/C:/Users/Cheng/computer-database-scala/,root), Config: test)))
Sending msg to client play-fork-run-ac7a0870-dc64-4ef1-af20-baee160a2faf: TaskFinished(20,2011,Some(AttributeKey[sbt.compiler.IC$Result]("manipulateBytecode") in Scope(Build: file:/C:/Users/Cheng/computer-database-scala/, , Project: ProjectReference(file:/C:/Users/Cheng/computer-database-scala/,root), Config: test)),true,None)
Sending msg to client play-fork-run-ac7a0870-dc64-4ef1-af20-baee160a2faf: TaskStarted(20,2003,Some(AttributeKey[sbt.inc.Analysis]("compile") in Scope(Build: file:/C:/Users/Cheng/computer-database-scala/, , Project: ProjectReference(file:/C:/Users/Cheng/computer-database-scala/,root), Config: test)))
Sending msg to client play-fork-run-ac7a0870-dc64-4ef1-af20-baee160a2faf: TaskFinished(20,2003,Some(AttributeKey[sbt.inc.Analysis]("compile") in Scope(Build: file:/C:/Users/Cheng/computer-database-scala/, , Project: ProjectReference(file:/C:/Users/Cheng/computer-database-scala/,root), Config: test)),true,None)
Sending msg to client play-fork-run-ac7a0870-dc64-4ef1-af20-baee160a2faf: TaskStarted(20,2002,Some(AttributeKey[sbt.inc.Analysis]("compile") in Scope(Build: file:/C:/Users/Cheng/computer-database-scala/, , Project: ProjectReference(file:/C:/Users/Cheng/computer-database-scala/,root), Config: test)))
Sending msg to client play-fork-run-ac7a0870-dc64-4ef1-af20-baee160a2faf: TaskFinished(20,2002,Some(AttributeKey[sbt.inc.Analysis]("compile") in Scope(Build: file:/C:/Users/Cheng/computer-database-scala/, , Project: ProjectReference(file:/C:/Users/Cheng/computer-database-scala/,root), Config: test)),true,None)
Sending msg to client play-fork-run-ac7a0870-dc64-4ef1-af20-baee160a2faf: TaskStarted(20,2071,Some(AttributeKey[sbt.PluginDiscovery$DiscoveredNames]("discoveredSbtPlugins") in Scope(Build: file:/C:/Users/Cheng/computer-database-scala/, , Project: ProjectReference(file:/C:/Users/Cheng/computer-database-scala/,root), Config: test)))
Sending msg to client play-fork-run-ac7a0870-dc64-4ef1-af20-baee160a2faf: TaskStarted(20,2234,Some(AttributeKey[scala.collection.Seq[java.lang.String]]("discoveredMainClasses") in Scope(Build: file:/C:/Users/Cheng/computer-database-scala/, , Project: ProjectReference(file:/C:/Users/Cheng/computer-database-scala/,root), Config: test)))
Sending msg to client play-fork-run-ac7a0870-dc64-4ef1-af20-baee160a2faf: TaskFinished(20,2071,Some(AttributeKey[sbt.PluginDiscovery$DiscoveredNames]("discoveredSbtPlugins") in Scope(Build: file:/C:/Users/Cheng/computer-database-scala/, , Project: ProjectReference(file:/C:/Users/Cheng/computer-database-scala/,root), Config: test)),true,None)
Sending msg to client play-fork-run-ac7a0870-dc64-4ef1-af20-baee160a2faf: TaskStarted(20,2070,None)
Sending msg to client play-fork-run-ac7a0870-dc64-4ef1-af20-baee160a2faf: TaskFinished(20,2070,None,true,None)
Sending msg to client play-fork-run-ac7a0870-dc64-4ef1-af20-baee160a2faf: TaskStarted(20,2069,None)
Sending msg to client play-fork-run-ac7a0870-dc64-4ef1-af20-baee160a2faf: TaskFinished(20,2069,None,true,None)
Sending msg to client play-fork-run-ac7a0870-dc64-4ef1-af20-baee160a2faf: TaskStarted(20,2068,Some(AttributeKey[scala.collection.Seq[java.io.File]]("managedResources") in Scope(Build: file:/C:/Users/Cheng/computer-database-scala/, , Project: ProjectReference(file:/C:/Users/Cheng/computer-database-scala/,root), Config: test)))
Sending msg to client play-fork-run-ac7a0870-dc64-4ef1-af20-baee160a2faf: TaskFinished(20,2068,Some(AttributeKey[scala.collection.Seq[java.io.File]]("managedResources") in Scope(Build: file:/C:/Users/Cheng/computer-database-scala/, , Project: ProjectReference(file:/C:/Users/Cheng/computer-database-scala/,root), Config: test)),true,None)
Sending msg to client play-fork-run-ac7a0870-dc64-4ef1-af20-baee160a2faf: TaskStarted(20,2066,Some(AttributeKey[scala.collection.Seq[java.io.File]]("resources") in Scope(Build: file:/C:/Users/Cheng/computer-database-scala/, , Project: ProjectReference(file:/C:/Users/Cheng/computer-database-scala/,root), Config: test)))
Sending msg to client play-fork-run-ac7a0870-dc64-4ef1-af20-baee160a2faf: TaskFinished(20,2066,Some(AttributeKey[scala.collection.Seq[java.io.File]]("resources") in Scope(Build: file:/C:/Users/Cheng/computer-database-scala/, , Project: ProjectReference(file:/C:/Users/Cheng/computer-database-scala/,root), Config: test)),true,None)
Sending msg to client play-fork-run-ac7a0870-dc64-4ef1-af20-baee160a2faf: TaskStarted(20,2064,Some(AttributeKey[scala.collection.Seq[scala.Tuple2[java.io.File,java.io.File]]]("copyResources") in Scope(Build: file:/C:/Users/Cheng/computer-database-scala/, , Project: ProjectReference(file:/C:/Users/Cheng/computer-database-scala/,root), Config: test)))
Sending msg to client play-fork-run-ac7a0870-dc64-4ef1-af20-baee160a2faf: TaskFinished(20,2234,Some(AttributeKey[scala.collection.Seq[java.lang.String]]("discoveredMainClasses") in Scope(Build: file:/C:/Users/Cheng/computer-database-scala/, , Project: ProjectReference(file:/C:/Users/Cheng/computer-database-scala/,root), Config: test)),true,None)
Sending msg to client play-fork-run-ac7a0870-dc64-4ef1-af20-baee160a2faf: TaskLogEvent(2064,LogMessage(debug,Copy resource mappings: 
	))
Sending msg to client play-fork-run-ac7a0870-dc64-4ef1-af20-baee160a2faf: TaskFinished(20,2064,Some(AttributeKey[scala.collection.Seq[scala.Tuple2[java.io.File,java.io.File]]]("copyResources") in Scope(Build: file:/C:/Users/Cheng/computer-database-scala/, , Project: ProjectReference(file:/C:/Users/Cheng/computer-database-scala/,root), Config: test)),true,None)
Sending msg to client play-fork-run-ac7a0870-dc64-4ef1-af20-baee160a2faf: TaskStarted(20,2063,Some(AttributeKey[scala.collection.Seq[java.io.File]]("products") in Scope(Build: file:/C:/Users/Cheng/computer-database-scala/, , Project: ProjectReference(file:/C:/Users/Cheng/computer-database-scala/,root), Config: test)))
Sending msg to client play-fork-run-ac7a0870-dc64-4ef1-af20-baee160a2faf: TaskFinished(20,2063,Some(AttributeKey[scala.collection.Seq[java.io.File]]("products") in Scope(Build: file:/C:/Users/Cheng/computer-database-scala/, , Project: ProjectReference(file:/C:/Users/Cheng/computer-database-scala/,root), Config: test)),true,None)
Sending msg to client play-fork-run-ac7a0870-dc64-4ef1-af20-baee160a2faf: TaskFinished(20,2001,None,true,None)
Sending msg to client play-fork-run-ac7a0870-dc64-4ef1-af20-baee160a2faf: TaskStarted(20,2000,None)
Sending msg to client play-fork-run-ac7a0870-dc64-4ef1-af20-baee160a2faf: TaskFinished(20,2000,None,true,None)
Sending msg to client play-fork-run-ac7a0870-dc64-4ef1-af20-baee160a2faf: TaskStarted(20,1998,Some(AttributeKey[scala.collection.Seq[sbt.Attributed[java.io.File]]]("exportedProducts") in Scope(Build: file:/C:/Users/Cheng/computer-database-scala/, , Project: ProjectReference(file:/C:/Users/Cheng/computer-database-scala/,root), Config: test)))
Sending msg to client play-fork-run-ac7a0870-dc64-4ef1-af20-baee160a2faf: TaskFinished(20,1998,Some(AttributeKey[scala.collection.Seq[sbt.Attributed[java.io.File]]]("exportedProducts") in Scope(Build: file:/C:/Users/Cheng/computer-database-scala/, , Project: ProjectReference(file:/C:/Users/Cheng/computer-database-scala/,root), Config: test)),true,None)
Sending msg to client play-fork-run-ac7a0870-dc64-4ef1-af20-baee160a2faf: TaskStarted(20,1997,None)
Sending msg to client play-fork-run-ac7a0870-dc64-4ef1-af20-baee160a2faf: TaskFinished(20,1997,None,true,None)
Sending msg to client play-fork-run-ac7a0870-dc64-4ef1-af20-baee160a2faf: TaskStarted(20,1995,Some(AttributeKey[scala.collection.Seq[sbt.Attributed[java.io.File]]]("fullClasspath") in Scope(Build: file:/C:/Users/Cheng/computer-database-scala/, , Project: ProjectReference(file:/C:/Users/Cheng/computer-database-scala/,root), Config: test)))
Sending msg to client play-fork-run-ac7a0870-dc64-4ef1-af20-baee160a2faf: TaskFinished(20,1995,Some(AttributeKey[scala.collection.Seq[sbt.Attributed[java.io.File]]]("fullClasspath") in Scope(Build: file:/C:/Users/Cheng/computer-database-scala/, , Project: ProjectReference(file:/C:/Users/Cheng/computer-database-scala/,root), Config: test)),true,None)
Sending msg to client play-fork-run-ac7a0870-dc64-4ef1-af20-baee160a2faf: TaskStarted(20,1991,Some(AttributeKey[scala.collection.Seq[sbt.Attributed[java.io.File]]]("fullClasspath") in Scope(Build: file:/C:/Users/Cheng/computer-database-scala/, , Project: ProjectReference(file:/C:/Users/Cheng/computer-database-scala/,root), Config: test)))
Sending msg to client play-fork-run-ac7a0870-dc64-4ef1-af20-baee160a2faf: TaskFinished(20,1991,Some(AttributeKey[scala.collection.Seq[sbt.Attributed[java.io.File]]]("fullClasspath") in Scope(Build: file:/C:/Users/Cheng/computer-database-scala/, , Project: ProjectReference(file:/C:/Users/Cheng/computer-database-scala/,root), Config: test)),true,None)
Sending msg to client play-fork-run-ac7a0870-dc64-4ef1-af20-baee160a2faf: TaskStarted(20,1990,Some(AttributeKey[java.lang.ClassLoader]("testLoader") in Scope(Build: file:/C:/Users/Cheng/computer-database-scala/, , Project: ProjectReference(file:/C:/Users/Cheng/computer-database-scala/,root), Config: test)))
Sending msg to client play-fork-run-ac7a0870-dc64-4ef1-af20-baee160a2faf: TaskFinished(20,1990,Some(AttributeKey[java.lang.ClassLoader]("testLoader") in Scope(Build: file:/C:/Users/Cheng/computer-database-scala/, , Project: ProjectReference(file:/C:/Users/Cheng/computer-database-scala/,root), Config: test)),true,None)
Sending msg to client play-fork-run-ac7a0870-dc64-4ef1-af20-baee160a2faf: TaskStarted(20,2047,Some(AttributeKey[scala.collection.immutable.Map[sbt.TestFramework,sbt.testing.Framework]]("loadedTestFrameworks") in Scope(Build: file:/C:/Users/Cheng/computer-database-scala/, , Project: ProjectReference(file:/C:/Users/Cheng/computer-database-scala/,root), Config: test)))
Sending msg to client play-fork-run-ac7a0870-dc64-4ef1-af20-baee160a2faf: TaskLogEvent(2047,LogMessage(debug,Framework implementation 'org.scalacheck.ScalaCheckFramework' not present.))
Sending msg to client play-fork-run-ac7a0870-dc64-4ef1-af20-baee160a2faf: TaskLogEvent(2047,LogMessage(debug,Framework implementation 'org.specs.runner.SpecsFramework' not present.))
Sending msg to client play-fork-run-ac7a0870-dc64-4ef1-af20-baee160a2faf: TaskLogEvent(2047,LogMessage(debug,Framework implementation 'org.scalatest.tools.Framework' not present.))
Sending msg to client play-fork-run-ac7a0870-dc64-4ef1-af20-baee160a2faf: TaskLogEvent(2047,LogMessage(debug,Framework implementation 'org.scalatest.tools.ScalaTestFramework' not present.))
Sending msg to client play-fork-run-ac7a0870-dc64-4ef1-af20-baee160a2faf: TaskFinished(20,2047,Some(AttributeKey[scala.collection.immutable.Map[sbt.TestFramework,sbt.testing.Framework]]("loadedTestFrameworks") in Scope(Build: file:/C:/Users/Cheng/computer-database-scala/, , Project: ProjectReference(file:/C:/Users/Cheng/computer-database-scala/,root), Config: test)),true,None)
Sending msg to client play-fork-run-ac7a0870-dc64-4ef1-af20-baee160a2faf: TaskStarted(20,2061,Some(AttributeKey[scala.collection.Seq[sbt.TestDefinition]]("definedTests") in Scope(Build: file:/C:/Users/Cheng/computer-database-scala/, , Project: ProjectReference(file:/C:/Users/Cheng/computer-database-scala/,root), Config: test)))
Sending msg to client play-fork-run-ac7a0870-dc64-4ef1-af20-baee160a2faf: TaskLogEvent(2061,LogMessage(debug,Subclass fingerprints: List((junit.framework.TestCase,false,com.novocode.junit.JUnit3Fingerprint@4b917ee8), (org.specs2.specification.SpecificationStructure,true,specs2 Specification fingerprint), (org.specs2.specification.SpecificationStructure,false,specs2 Specification fingerprint), (org.specs2.runner.FilesRunner,true,specs2 Specification files fingerprint), (org.specs2.runner.FilesRunner,false,specs2 Specification files fingerprint))))
Sending msg to client play-fork-run-ac7a0870-dc64-4ef1-af20-baee160a2faf: TaskLogEvent(2061,LogMessage(debug,Annotation fingerprints: List((org.junit.runner.RunWith,false,com.novocode.junit.RunWithFingerprint@59b894fe), (org.junit.Test,false,com.novocode.junit.JUnitFingerprint@653dddb6))))
Sending msg to client play-fork-run-ac7a0870-dc64-4ef1-af20-baee160a2faf: TaskFinished(20,2061,Some(AttributeKey[scala.collection.Seq[sbt.TestDefinition]]("definedTests") in Scope(Build: file:/C:/Users/Cheng/computer-database-scala/, , Project: ProjectReference(file:/C:/Users/Cheng/computer-database-scala/,root), Config: test)),true,None)
Sending msg to client play-fork-run-ac7a0870-dc64-4ef1-af20-baee160a2faf: TaskStarted(20,2057,Some(AttributeKey[scala.collection.Seq[sbt.Tests$Group]]("testGrouping") in Scope(Global)))
Sending msg to client play-fork-run-ac7a0870-dc64-4ef1-af20-baee160a2faf: TaskStarted(20,2233,Some(AttributeKey[scala.collection.Seq[java.lang.String]]("definedTestNames") in Scope(Build: file:/C:/Users/Cheng/computer-database-scala/, , Project: ProjectReference(file:/C:/Users/Cheng/computer-database-scala/,root), Config: test)))
Sending msg to client play-fork-run-ac7a0870-dc64-4ef1-af20-baee160a2faf: TaskFinished(20,2057,Some(AttributeKey[scala.collection.Seq[sbt.Tests$Group]]("testGrouping") in Scope(Global)),true,None)
Sending msg to client play-fork-run-ac7a0870-dc64-4ef1-af20-baee160a2faf: TaskStarted(20,1989,Some(AttributeKey[sbt.Tests$Output]("executeTests") in Scope(Build: file:/C:/Users/Cheng/computer-database-scala/, , Project: ProjectReference(file:/C:/Users/Cheng/computer-database-scala/,root), Config: test)))
Sending msg to client play-fork-run-ac7a0870-dc64-4ef1-af20-baee160a2faf: TaskFinished(20,2233,Some(AttributeKey[scala.collection.Seq[java.lang.String]]("definedTestNames") in Scope(Build: file:/C:/Users/Cheng/computer-database-scala/, , Project: ProjectReference(file:/C:/Users/Cheng/computer-database-scala/,root), Config: test)),true,None)
Sending msg to client play-fork-run-ac7a0870-dc64-4ef1-af20-baee160a2faf: TaskLogEvent(1989,LogMessage(debug,Forking tests - parallelism = false))
Sending msg to client play-fork-run-ac7a0870-dc64-4ef1-af20-baee160a2faf: TaskStarted(20,2239,None)
Sending msg to client play-fork-run-ac7a0870-dc64-4ef1-af20-baee160a2faf: TaskStarted(20,2240,None)
Sending msg to client play-fork-run-ac7a0870-dc64-4ef1-af20-baee160a2faf: TaskLogEvent(2240,LogMessage(debug,Create a single-thread test executor))
Sending msg to client play-fork-run-ac7a0870-dc64-4ef1-af20-baee160a2faf: TaskLogEvent(2240,LogMessage(debug,Runner for com.novocode.junit.JUnitFramework produced 0 initial tasks for 0 tests.))
Sending msg to client play-fork-run-ac7a0870-dc64-4ef1-af20-baee160a2faf: TaskLogEvent(2240,LogMessage(debug,Runner for org.specs2.runner.Specs2Framework produced 3 initial tasks for 3 tests.))
Sending msg to client play-fork-run-ac7a0870-dc64-4ef1-af20-baee160a2faf: TaskLogEvent(2240,LogMessage(debug,  Running TaskDef(ApplicationSpec, sbt.ForkMain$SubclassFingerscan@3512106c, false, [SuiteSelector])))
Sending msg to client play-fork-run-ac7a0870-dc64-4ef1-af20-baee160a2faf: DetachedLogEvent(LogMessage(debug,cancel strategy cancel() with enabled=true lastCommand=Some(LastCommand(CommandExecutionWork(ExecutionId(20),test,Set(LiveClient(activator 814ad56b-c624-4997-b685-64aba40a408a)),sbt.server.WorkCancellationStatus$$anon$1@13e6aa1e)))))
Sending msg to client play-fork-run-ac7a0870-dc64-4ef1-af20-baee160a2faf: TaskLogEvent(2240,LogStdOut())
Sending msg to client play-fork-run-ac7a0870-dc64-4ef1-af20-baee160a2faf: TaskLogEvent(2240,LogMessage(warn,Canceling execution...))
Sending msg to client play-fork-run-ac7a0870-dc64-4ef1-af20-baee160a2faf: BackgroundJobLogEvent(3,LogMessage(warn,Canceling execution...))
Sending msg to client play-fork-run-ac7a0870-dc64-4ef1-af20-baee160a2faf: TaskLogEvent(2240,LogStdErr(Exception in thread "Thread-57" java.net.SocketException: Connection reset))
Sending msg to client play-fork-run-ac7a0870-dc64-4ef1-af20-baee160a2faf: TaskLogEvent(2240,LogStdErr(	at java.net.SocketInputStream.read(Unknown Source)))
Sending msg to client play-fork-run-ac7a0870-dc64-4ef1-af20-baee160a2faf: TaskLogEvent(2240,LogStdErr(	at java.net.SocketInputStream.read(Unknown Source)))
Sending msg to client play-fork-run-ac7a0870-dc64-4ef1-af20-baee160a2faf: TaskLogEvent(2240,LogStdErr(	at java.net.SocketInputStream.read(Unknown Source)))
Sending msg to client play-fork-run-ac7a0870-dc64-4ef1-af20-baee160a2faf: TaskLogEvent(2240,LogStdErr(	at java.io.ObjectInputStream$PeekInputStream.peek(Unknown Source)))
Sending msg to client play-fork-run-ac7a0870-dc64-4ef1-af20-baee160a2faf: TaskLogEvent(2240,LogStdErr(	at java.io.ObjectInputStream$BlockDataInputStream.peek(Unknown Source)))
Sending msg to client play-fork-run-ac7a0870-dc64-4ef1-af20-baee160a2faf: TaskLogEvent(2240,LogStdErr(	at java.io.ObjectInputStream$BlockDataInputStream.peekByte(Unknown Source)))
Sending msg to client play-fork-run-ac7a0870-dc64-4ef1-af20-baee160a2faf: TaskLogEvent(2240,LogStdErr(	at java.io.ObjectInputStream.readObject0(Unknown Source)))
Sending msg to client play-fork-run-ac7a0870-dc64-4ef1-af20-baee160a2faf: TaskLogEvent(2240,LogStdErr(	at java.io.ObjectInputStream.readObject(Unknown Source)))
Sending msg to client play-fork-run-ac7a0870-dc64-4ef1-af20-baee160a2faf: TaskLogEvent(2240,LogStdErr(	at sbt.React.react(ForkTests.scala:114)))
Sending msg to client play-fork-run-ac7a0870-dc64-4ef1-af20-baee160a2faf: TaskLogEvent(2240,LogStdErr(	at sbt.ForkTests$$anonfun$mainTestTask$1$Acceptor$2$.run(ForkTests.scala:74)))
Sending msg to client play-fork-run-ac7a0870-dc64-4ef1-af20-baee160a2faf: TaskLogEvent(2240,LogStdErr(	at java.lang.Thread.run(Unknown Source)))
Sending msg to client play-fork-run-ac7a0870-dc64-4ef1-af20-baee160a2faf: TaskFinished(20,2240,None,true,None)
Sending msg to client play-fork-run-ac7a0870-dc64-4ef1-af20-baee160a2faf: TaskFinished(20,2239,None,true,None)
Sending msg to client play-fork-run-ac7a0870-dc64-4ef1-af20-baee160a2faf: TaskStarted(20,2238,None)
Sending msg to client play-fork-run-ac7a0870-dc64-4ef1-af20-baee160a2faf: DetachedLogEvent(LogMessage(debug,cancel strategy finish enabled=false lastCommand=Some(LastCommand(CommandExecutionWork(ExecutionId(20),test,Set(LiveClient(activator 814ad56b-c624-4997-b685-64aba40a408a)),sbt.server.WorkCancellationStatus$$anon$1@13e6aa1e)))))
Sending msg to client play-fork-run-ac7a0870-dc64-4ef1-af20-baee160a2faf: DetachedLogEvent(LogTrace(RejectedExecutionException,Task java.util.concurrent.ExecutorCompletionService$QueueingFuture@5ed50a22 rejected from java.util.concurrent.ThreadPoolExecutor@748c6ed1[Terminated, pool size = 0, active threads = 0, queued tasks = 0, completed tasks = 408]))
Sending msg to client play-fork-run-ac7a0870-dc64-4ef1-af20-baee160a2faf: DetachedLogEvent(LogMessage(error,java.util.concurrent.RejectedExecutionException: Task java.util.concurrent.ExecutorCompletionService$QueueingFuture@5ed50a22 rejected from java.util.concurrent.ThreadPoolExecutor@748c6ed1[Terminated, pool size = 0, active threads = 0, queued tasks = 0, completed tasks = 408]))
Sending msg to client play-fork-run-ac7a0870-dc64-4ef1-af20-baee160a2faf: DetachedLogEvent(LogMessage(error,Use 'last' for the full log.))
Sending msg to client play-fork-run-ac7a0870-dc64-4ef1-af20-baee160a2faf: DetachedLogEvent(LogMessage(debug,> server-post-command-error-handler))
Sending msg to client play-fork-run-ac7a0870-dc64-4ef1-af20-baee160a2faf: ExecutionFailure(20)
Sending msg to client play-fork-run-ac7a0870-dc64-4ef1-af20-baee160a2faf: DetachedLogEvent(LogMessage(debug,> server-post-command-cleanup))
Sending msg to client play-fork-run-ac7a0870-dc64-4ef1-af20-baee160a2faf: DetachedLogEvent(LogMessage(debug,> server-handle-next-server-request))
Sending msg to client play-fork-run-ac7a0870-dc64-4ef1-af20-baee160a2faf: ExecutionStarting(21)
Sending msg to client play-fork-run-ac7a0870-dc64-4ef1-af20-baee160a2faf: DetachedLogEvent(LogMessage(debug,> {file:/C:/Users/Cheng/computer-database-scala/}root/*:playForkConfig))
Sending msg to client play-fork-run-ac7a0870-dc64-4ef1-af20-baee160a2faf: DetachedLogEvent(LogMessage(debug,Evaluating tasks: *:playForkConfig))
Sending msg to client play-fork-run-ac7a0870-dc64-4ef1-af20-baee160a2faf: DetachedLogEvent(LogMessage(debug,Running task... Cancel: sbt.server.ServerTaskCancellation@b4e7923, check cycles: false))
Sending msg to client play-fork-run-ac7a0870-dc64-4ef1-af20-baee160a2faf: DetachedLogEvent(LogMessage(debug,cancel strategy start enabled=true lastCommand=Some(LastCommand(CommandExecutionWork(ExecutionId(21),{file:/C:/Users/Cheng/computer-database-scala/}root/*:playForkConfig,Set(LiveClient(play-fork-run ac7a0870-dc64-4ef1-af20-baee160a2faf)),sbt.server.WorkCancellationStatus$$anon$1@6110b37e)))))
Sending msg to client play-fork-run-ac7a0870-dc64-4ef1-af20-baee160a2faf: TaskStarted(21,2250,None)
Sending msg to client play-fork-run-ac7a0870-dc64-4ef1-af20-baee160a2faf: TaskStarted(21,2252,None)
Sending msg to client play-fork-run-ac7a0870-dc64-4ef1-af20-baee160a2faf: TaskStarted(21,2259,None)
Sending msg to client play-fork-run-ac7a0870-dc64-4ef1-af20-baee160a2faf: TaskStarted(21,2263,None)
Sending msg to client play-fork-run-ac7a0870-dc64-4ef1-af20-baee160a2faf: TaskStarted(21,2264,None)
Sending msg to client play-fork-run-ac7a0870-dc64-4ef1-af20-baee160a2faf: TaskStarted(21,2266,None)
Sending msg to client play-fork-run-ac7a0870-dc64-4ef1-af20-baee160a2faf: TaskStarted(21,2271,Some(AttributeKey[java.lang.String]("updateCacheName") in Scope(Build: file:/C:/Users/Cheng/computer-database-scala/, , Project: ProjectReference(file:/C:/Users/Cheng/computer-database-scala/,root))))
Sending msg to client play-fork-run-ac7a0870-dc64-4ef1-af20-baee160a2faf: TaskStarted(21,2280,Some(AttributeKey[scala.Option[scala.collection.Seq[sbt.Resolver]]]("bootResolvers") in Scope(Build: file:/C:/Users/Cheng/computer-database-scala/, , Project: ProjectReference(file:/C:/Users/Cheng/computer-database-scala/,root))))
Sending msg to client play-fork-run-ac7a0870-dc64-4ef1-af20-baee160a2faf: TaskStarted(21,2284,Some(AttributeKey[scala.collection.Seq[sbt.Resolver]]("externalResolvers") in Scope(Build: file:/C:/Users/Cheng/computer-database-scala/, , Project: ProjectReference(file:/C:/Users/Cheng/computer-database-scala/,root))))
Sending msg to client play-fork-run-ac7a0870-dc64-4ef1-af20-baee160a2faf: TaskStarted(21,2286,Some(AttributeKey[scala.collection.Seq[sbt.Credentials]]("credentials") in Scope(Global)))
Sending msg to client play-fork-run-ac7a0870-dc64-4ef1-af20-baee160a2faf: TaskStarted(21,2287,Some(AttributeKey[boolean]("skip") in Scope(Global)))
Sending msg to client play-fork-run-ac7a0870-dc64-4ef1-af20-baee160a2faf: TaskStarted(21,2288,None)
Sending msg to client play-fork-run-ac7a0870-dc64-4ef1-af20-baee160a2faf: TaskStarted(21,2292,Some(AttributeKey[scala.collection.Seq[java.lang.String]]("javaOptions") in Scope(Global)))
Sending msg to client play-fork-run-ac7a0870-dc64-4ef1-af20-baee160a2faf: TaskStarted(21,2296,Some(AttributeKey[scala.Tuple2[java.lang.String,java.io.File]]("playPrefixAndAssets") in Scope(Build: file:/C:/Users/Cheng/computer-database-scala/, , Project: ProjectReference(file:/C:/Users/Cheng/computer-database-scala/,root))))
Sending msg to client play-fork-run-ac7a0870-dc64-4ef1-af20-baee160a2faf: TaskFinished(21,2250,None,true,None)
Sending msg to client play-fork-run-ac7a0870-dc64-4ef1-af20-baee160a2faf: TaskStarted(21,2249,Some(AttributeKey[sbt.BuildStructure]("buildStructure") in Scope(Global)))
Sending msg to client play-fork-run-ac7a0870-dc64-4ef1-af20-baee160a2faf: TaskStarted(21,2289,Some(AttributeKey[java.io.File]("dependencyCacheDirectory") in Scope(Build: file:/C:/Users/Cheng/computer-database-scala/, , Project: ProjectReference(file:/C:/Users/Cheng/computer-database-scala/,root))))
Sending msg to client play-fork-run-ac7a0870-dc64-4ef1-af20-baee160a2faf: TaskStarted(21,2297,Some(AttributeKey[scala.collection.Seq[java.lang.String]]("playMonitoredFiles") in Scope(Build: file:/C:/Users/Cheng/computer-database-scala/, , Project: ProjectReference(file:/C:/Users/Cheng/computer-database-scala/,root))))
Sending msg to client play-fork-run-ac7a0870-dc64-4ef1-af20-baee160a2faf: TaskFinished(21,2252,None,true,None)
Sending msg to client play-fork-run-ac7a0870-dc64-4ef1-af20-baee160a2faf: TaskStarted(21,2251,None)
Sending msg to client play-fork-run-ac7a0870-dc64-4ef1-af20-baee160a2faf: TaskStarted(21,2254,None)
Sending msg to client play-fork-run-ac7a0870-dc64-4ef1-af20-baee160a2faf: TaskStarted(21,2267,None)
Sending msg to client play-fork-run-ac7a0870-dc64-4ef1-af20-baee160a2faf: TaskStarted(21,2270,None)
Sending msg to client play-fork-run-ac7a0870-dc64-4ef1-af20-baee160a2faf: TaskStarted(21,2277,None)
Sending msg to client play-fork-run-ac7a0870-dc64-4ef1-af20-baee160a2faf: TaskStarted(21,2283,None)
Sending msg to client play-fork-run-ac7a0870-dc64-4ef1-af20-baee160a2faf: TaskStarted(21,2285,None)
Sending msg to client play-fork-run-ac7a0870-dc64-4ef1-af20-baee160a2faf: TaskStarted(21,2290,None)
Sending msg to client play-fork-run-ac7a0870-dc64-4ef1-af20-baee160a2faf: TaskFinished(21,2259,None,true,None)
Sending msg to client play-fork-run-ac7a0870-dc64-4ef1-af20-baee160a2faf: TaskFinished(21,2263,None,true,None)
Sending msg to client play-fork-run-ac7a0870-dc64-4ef1-af20-baee160a2faf: TaskFinished(21,2266,None,true,None)
Sending msg to client play-fork-run-ac7a0870-dc64-4ef1-af20-baee160a2faf: TaskFinished(21,2264,None,true,None)
Sending msg to client play-fork-run-ac7a0870-dc64-4ef1-af20-baee160a2faf: TaskStarted(21,2262,Some(AttributeKey[scala.collection.Seq[sbt.UpdateReport]]("transitiveUpdate") in Scope(Build: file:/C:/Users/Cheng/computer-database-scala/, , Project: ProjectReference(file:/C:/Users/Cheng/computer-database-scala/,root))))
Sending msg to client play-fork-run-ac7a0870-dc64-4ef1-af20-baee160a2faf: TaskFinished(21,2271,Some(AttributeKey[java.lang.String]("updateCacheName") in Scope(Build: file:/C:/Users/Cheng/computer-database-scala/, , Project: ProjectReference(file:/C:/Users/Cheng/computer-database-scala/,root))),true,None)
Sending msg to client play-fork-run-ac7a0870-dc64-4ef1-af20-baee160a2faf: TaskFinished(21,2280,Some(AttributeKey[scala.Option[scala.collection.Seq[sbt.Resolver]]]("bootResolvers") in Scope(Build: file:/C:/Users/Cheng/computer-database-scala/, , Project: ProjectReference(file:/C:/Users/Cheng/computer-database-scala/,root))),true,None)
Sending msg to client play-fork-run-ac7a0870-dc64-4ef1-af20-baee160a2faf: TaskFinished(21,2284,Some(AttributeKey[scala.collection.Seq[sbt.Resolver]]("externalResolvers") in Scope(Build: file:/C:/Users/Cheng/computer-database-scala/, , Project: ProjectReference(file:/C:/Users/Cheng/computer-database-scala/,root))),true,None)
Sending msg to client play-fork-run-ac7a0870-dc64-4ef1-af20-baee160a2faf: TaskFinished(21,2286,Some(AttributeKey[scala.collection.Seq[sbt.Credentials]]("credentials") in Scope(Global)),true,None)
Sending msg to client play-fork-run-ac7a0870-dc64-4ef1-af20-baee160a2faf: TaskFinished(21,2287,Some(AttributeKey[boolean]("skip") in Scope(Global)),true,None)
Sending msg to client play-fork-run-ac7a0870-dc64-4ef1-af20-baee160a2faf: TaskFinished(21,2288,None,true,None)
Sending msg to client play-fork-run-ac7a0870-dc64-4ef1-af20-baee160a2faf: TaskFinished(21,2296,Some(AttributeKey[scala.Tuple2[java.lang.String,java.io.File]]("playPrefixAndAssets") in Scope(Build: file:/C:/Users/Cheng/computer-database-scala/, , Project: ProjectReference(file:/C:/Users/Cheng/computer-database-scala/,root))),true,None)
Sending msg to client play-fork-run-ac7a0870-dc64-4ef1-af20-baee160a2faf: TaskStarted(21,2295,None)
Sending msg to client play-fork-run-ac7a0870-dc64-4ef1-af20-baee160a2faf: TaskFinished(21,2292,Some(AttributeKey[scala.collection.Seq[java.lang.String]]("javaOptions") in Scope(Global)),true,None)
Sending msg to client play-fork-run-ac7a0870-dc64-4ef1-af20-baee160a2faf: TaskFinished(21,2249,Some(AttributeKey[sbt.BuildStructure]("buildStructure") in Scope(Global)),true,None)
Sending msg to client play-fork-run-ac7a0870-dc64-4ef1-af20-baee160a2faf: TaskStarted(21,2248,Some(AttributeKey[sbt.Settings[sbt.Scope]]("settingsData") in Scope(Global)))
Sending msg to client play-fork-run-ac7a0870-dc64-4ef1-af20-baee160a2faf: TaskFinished(21,2289,Some(AttributeKey[java.io.File]("dependencyCacheDirectory") in Scope(Build: file:/C:/Users/Cheng/computer-database-scala/, , Project: ProjectReference(file:/C:/Users/Cheng/computer-database-scala/,root))),true,None)
Sending msg to client play-fork-run-ac7a0870-dc64-4ef1-af20-baee160a2faf: TaskFinished(21,2251,None,true,None)
Sending msg to client play-fork-run-ac7a0870-dc64-4ef1-af20-baee160a2faf: TaskFinished(21,2254,None,true,None)
Sending msg to client play-fork-run-ac7a0870-dc64-4ef1-af20-baee160a2faf: TaskFinished(21,2267,None,true,None)
Sending msg to client play-fork-run-ac7a0870-dc64-4ef1-af20-baee160a2faf: TaskFinished(21,2270,None,true,None)
Sending msg to client play-fork-run-ac7a0870-dc64-4ef1-af20-baee160a2faf: TaskStarted(21,2269,Some(AttributeKey[scala.collection.immutable.Map[sbt.ModuleID,sbt.SourcePosition]]("dependencyPositions") in Scope(Build: file:/C:/Users/Cheng/computer-database-scala/, , Project: ProjectReference(file:/C:/Users/Cheng/computer-database-scala/,root))))
Sending msg to client play-fork-run-ac7a0870-dc64-4ef1-af20-baee160a2faf: TaskFinished(21,2277,None,true,None)
Sending msg to client play-fork-run-ac7a0870-dc64-4ef1-af20-baee160a2faf: TaskFinished(21,2283,None,true,None)
Sending msg to client play-fork-run-ac7a0870-dc64-4ef1-af20-baee160a2faf: TaskFinished(21,2297,Some(AttributeKey[scala.collection.Seq[java.lang.String]]("playMonitoredFiles") in Scope(Build: file:/C:/Users/Cheng/computer-database-scala/, , Project: ProjectReference(file:/C:/Users/Cheng/computer-database-scala/,root))),true,None)
Sending msg to client play-fork-run-ac7a0870-dc64-4ef1-af20-baee160a2faf: TaskFinished(21,2285,None,true,None)
Sending msg to client play-fork-run-ac7a0870-dc64-4ef1-af20-baee160a2faf: TaskFinished(21,2262,Some(AttributeKey[scala.collection.Seq[sbt.UpdateReport]]("transitiveUpdate") in Scope(Build: file:/C:/Users/Cheng/computer-database-scala/, , Project: ProjectReference(file:/C:/Users/Cheng/computer-database-scala/,root))),true,None)
Sending msg to client play-fork-run-ac7a0870-dc64-4ef1-af20-baee160a2faf: TaskFinished(21,2295,None,true,None)
Sending msg to client play-fork-run-ac7a0870-dc64-4ef1-af20-baee160a2faf: TaskStarted(21,2294,None)
Sending msg to client play-fork-run-ac7a0870-dc64-4ef1-af20-baee160a2faf: TaskFinished(21,2248,Some(AttributeKey[sbt.Settings[sbt.Scope]]("settingsData") in Scope(Global)),true,None)
Sending msg to client play-fork-run-ac7a0870-dc64-4ef1-af20-baee160a2faf: TaskStarted(21,2247,None)
Sending msg to client play-fork-run-ac7a0870-dc64-4ef1-af20-baee160a2faf: TaskStarted(21,2265,None)
Sending msg to client play-fork-run-ac7a0870-dc64-4ef1-af20-baee160a2faf: TaskStarted(21,2275,Some(AttributeKey[scala.collection.Seq[sbt.ModuleID]]("projectDependencies") in Scope(Build: file:/C:/Users/Cheng/computer-database-scala/, , Project: ProjectReference(file:/C:/Users/Cheng/computer-database-scala/,root))))
Sending msg to client play-fork-run-ac7a0870-dc64-4ef1-af20-baee160a2faf: TaskStarted(21,2282,Some(AttributeKey[scala.collection.immutable.Map[org.apache.ivy.core.module.id.ModuleRevisionId,org.apache.ivy.core.module.descriptor.ModuleDescriptor]]("projectDescriptors") in Scope(Build: file:/C:/Users/Cheng/computer-database-scala/, , Project: ProjectReference(file:/C:/Users/Cheng/computer-database-scala/,root))))
Sending msg to client play-fork-run-ac7a0870-dc64-4ef1-af20-baee160a2faf: TaskFinished(21,2269,Some(AttributeKey[scala.collection.immutable.Map[sbt.ModuleID,sbt.SourcePosition]]("dependencyPositions") in Scope(Build: file:/C:/Users/Cheng/computer-database-scala/, , Project: ProjectReference(file:/C:/Users/Cheng/computer-database-scala/,root))),true,None)
Sending msg to client play-fork-run-ac7a0870-dc64-4ef1-af20-baee160a2faf: TaskStarted(21,2268,Some(AttributeKey[sbt.UnresolvedWarningConfiguration]("unresolvedWarningConfiguration") in Scope(Build: file:/C:/Users/Cheng/computer-database-scala/, , Project: ProjectReference(file:/C:/Users/Cheng/computer-database-scala/,root), Task: AttributeKey[sbt.UpdateReport]("update"))))
Sending msg to client play-fork-run-ac7a0870-dc64-4ef1-af20-baee160a2faf: TaskFinished(21,2290,None,true,None)
Sending msg to client play-fork-run-ac7a0870-dc64-4ef1-af20-baee160a2faf: TaskFinished(21,2294,None,true,None)
Sending msg to client play-fork-run-ac7a0870-dc64-4ef1-af20-baee160a2faf: TaskStarted(21,2293,Some(AttributeKey[scala.collection.Seq[scala.Tuple2[java.lang.String,java.io.File]]]("playAllAssets") in Scope(Build: file:/C:/Users/Cheng/computer-database-scala/, , Project: ProjectReference(file:/C:/Users/Cheng/computer-database-scala/,root))))
Sending msg to client play-fork-run-ac7a0870-dc64-4ef1-af20-baee160a2faf: TaskStarted(21,2301,None)
Sending msg to client play-fork-run-ac7a0870-dc64-4ef1-af20-baee160a2faf: TaskStarted(21,2302,None)
Sending msg to client play-fork-run-ac7a0870-dc64-4ef1-af20-baee160a2faf: TaskStarted(21,2305,None)
Sending msg to client play-fork-run-ac7a0870-dc64-4ef1-af20-baee160a2faf: TaskStarted(21,2307,None)
Sending msg to client play-fork-run-ac7a0870-dc64-4ef1-af20-baee160a2faf: TaskStarted(21,2308,None)
Sending msg to client play-fork-run-ac7a0870-dc64-4ef1-af20-baee160a2faf: TaskStarted(21,2309,None)
Sending msg to client play-fork-run-ac7a0870-dc64-4ef1-af20-baee160a2faf: TaskFinished(21,2275,Some(AttributeKey[scala.collection.Seq[sbt.ModuleID]]("projectDependencies") in Scope(Build: file:/C:/Users/Cheng/computer-database-scala/, , Project: ProjectReference(file:/C:/Users/Cheng/computer-database-scala/,root))),true,None)
Sending msg to client play-fork-run-ac7a0870-dc64-4ef1-af20-baee160a2faf: TaskStarted(21,2274,Some(AttributeKey[scala.collection.Seq[sbt.ModuleID]]("allDependencies") in Scope(Build: file:/C:/Users/Cheng/computer-database-scala/, , Project: ProjectReference(file:/C:/Users/Cheng/computer-database-scala/,root))))
Sending msg to client play-fork-run-ac7a0870-dc64-4ef1-af20-baee160a2faf: TaskStarted(21,2311,None)
Sending msg to client play-fork-run-ac7a0870-dc64-4ef1-af20-baee160a2faf: TaskFinished(21,2268,Some(AttributeKey[sbt.UnresolvedWarningConfiguration]("unresolvedWarningConfiguration") in Scope(Build: file:/C:/Users/Cheng/computer-database-scala/, , Project: ProjectReference(file:/C:/Users/Cheng/computer-database-scala/,root), Task: AttributeKey[sbt.UpdateReport]("update"))),true,None)
Sending msg to client play-fork-run-ac7a0870-dc64-4ef1-af20-baee160a2faf: TaskFinished(21,2293,Some(AttributeKey[scala.collection.Seq[scala.Tuple2[java.lang.String,java.io.File]]]("playAllAssets") in Scope(Build: file:/C:/Users/Cheng/computer-database-scala/, , Project: ProjectReference(file:/C:/Users/Cheng/computer-database-scala/,root))),true,None)
Sending msg to client play-fork-run-ac7a0870-dc64-4ef1-af20-baee160a2faf: TaskFinished(21,2301,None,true,None)
Sending msg to client play-fork-run-ac7a0870-dc64-4ef1-af20-baee160a2faf: TaskFinished(21,2302,None,true,None)
Sending msg to client play-fork-run-ac7a0870-dc64-4ef1-af20-baee160a2faf: TaskStarted(21,2300,Some(AttributeKey[scala.collection.Seq[sbt.Attributed[java.io.File]]]("unmanagedJars") in Scope(Build: file:/C:/Users/Cheng/computer-database-scala/, , Project: ProjectReference(file:/C:/Users/Cheng/computer-database-scala/,root), Config: runtime)))
Sending msg to client play-fork-run-ac7a0870-dc64-4ef1-af20-baee160a2faf: TaskFinished(21,2305,None,true,None)
Sending msg to client play-fork-run-ac7a0870-dc64-4ef1-af20-baee160a2faf: TaskStarted(21,2304,None)
Sending msg to client play-fork-run-ac7a0870-dc64-4ef1-af20-baee160a2faf: TaskFinished(21,2307,None,true,None)
Sending msg to client play-fork-run-ac7a0870-dc64-4ef1-af20-baee160a2faf: TaskFinished(21,2308,None,true,None)
Sending msg to client play-fork-run-ac7a0870-dc64-4ef1-af20-baee160a2faf: TaskStarted(21,2306,Some(AttributeKey[scala.collection.Seq[sbt.Attributed[java.io.File]]]("unmanagedJars") in Scope(Build: file:/C:/Users/Cheng/computer-database-scala/, , Project: ProjectReference(file:/C:/Users/Cheng/computer-database-scala/,root), Config: compile)))
Sending msg to client play-fork-run-ac7a0870-dc64-4ef1-af20-baee160a2faf: TaskFinished(21,2309,None,true,None)
Sending msg to client play-fork-run-ac7a0870-dc64-4ef1-af20-baee160a2faf: TaskFinished(21,2265,None,true,None)
Sending msg to client play-fork-run-ac7a0870-dc64-4ef1-af20-baee160a2faf: TaskFinished(21,2274,Some(AttributeKey[scala.collection.Seq[sbt.ModuleID]]("allDependencies") in Scope(Build: file:/C:/Users/Cheng/computer-database-scala/, , Project: ProjectReference(file:/C:/Users/Cheng/computer-database-scala/,root))),true,None)
Sending msg to client play-fork-run-ac7a0870-dc64-4ef1-af20-baee160a2faf: TaskStarted(21,2273,Some(AttributeKey[sbt.ModuleSettings]("moduleSettings") in Scope(Build: file:/C:/Users/Cheng/computer-database-scala/, , Project: ProjectReference(file:/C:/Users/Cheng/computer-database-scala/,root))))
Sending msg to client play-fork-run-ac7a0870-dc64-4ef1-af20-baee160a2faf: TaskFinished(21,2311,None,true,None)
Sending msg to client play-fork-run-ac7a0870-dc64-4ef1-af20-baee160a2faf: TaskStarted(21,2310,None)
Sending msg to client play-fork-run-ac7a0870-dc64-4ef1-af20-baee160a2faf: TaskFinished(21,2300,Some(AttributeKey[scala.collection.Seq[sbt.Attributed[java.io.File]]]("unmanagedJars") in Scope(Build: file:/C:/Users/Cheng/computer-database-scala/, , Project: ProjectReference(file:/C:/Users/Cheng/computer-database-scala/,root), Config: runtime)),true,None)
Sending msg to client play-fork-run-ac7a0870-dc64-4ef1-af20-baee160a2faf: TaskStarted(21,2312,None)
Sending msg to client play-fork-run-ac7a0870-dc64-4ef1-af20-baee160a2faf: TaskFinished(21,2306,Some(AttributeKey[scala.collection.Seq[sbt.Attributed[java.io.File]]]("unmanagedJars") in Scope(Build: file:/C:/Users/Cheng/computer-database-scala/, , Project: ProjectReference(file:/C:/Users/Cheng/computer-database-scala/,root), Config: compile)),true,None)
Sending msg to client play-fork-run-ac7a0870-dc64-4ef1-af20-baee160a2faf: TaskFinished(21,2273,Some(AttributeKey[sbt.ModuleSettings]("moduleSettings") in Scope(Build: file:/C:/Users/Cheng/computer-database-scala/, , Project: ProjectReference(file:/C:/Users/Cheng/computer-database-scala/,root))),true,None)
Sending msg to client play-fork-run-ac7a0870-dc64-4ef1-af20-baee160a2faf: TaskFinished(21,2310,None,true,None)
Sending msg to client play-fork-run-ac7a0870-dc64-4ef1-af20-baee160a2faf: TaskFinished(21,2282,Some(AttributeKey[scala.collection.immutable.Map[org.apache.ivy.core.module.id.ModuleRevisionId,org.apache.ivy.core.module.descriptor.ModuleDescriptor]]("projectDescriptors") in Scope(Build: file:/C:/Users/Cheng/computer-database-scala/, , Project: ProjectReference(file:/C:/Users/Cheng/computer-database-scala/,root))),true,None)
Sending msg to client play-fork-run-ac7a0870-dc64-4ef1-af20-baee160a2faf: TaskStarted(21,2281,Some(AttributeKey[sbt.Resolver]("projectResolver") in Scope(Build: file:/C:/Users/Cheng/computer-database-scala/, , Project: ProjectReference(file:/C:/Users/Cheng/computer-database-scala/,root))))
Sending msg to client play-fork-run-ac7a0870-dc64-4ef1-af20-baee160a2faf: TaskFinished(21,2312,None,true,None)
Sending msg to client play-fork-run-ac7a0870-dc64-4ef1-af20-baee160a2faf: TaskFinished(21,2304,None,true,None)
Sending msg to client play-fork-run-ac7a0870-dc64-4ef1-af20-baee160a2faf: TaskStarted(21,2303,Some(AttributeKey[scala.collection.Seq[sbt.Attributed[java.io.File]]]("unmanagedJars") in Scope(Build: file:/C:/Users/Cheng/computer-database-scala/, , Project: ProjectReference(file:/C:/Users/Cheng/computer-database-scala/,root), Config: compile)))
Sending msg to client play-fork-run-ac7a0870-dc64-4ef1-af20-baee160a2faf: TaskFinished(21,2281,Some(AttributeKey[sbt.Resolver]("projectResolver") in Scope(Build: file:/C:/Users/Cheng/computer-database-scala/, , Project: ProjectReference(file:/C:/Users/Cheng/computer-database-scala/,root))),true,None)
Sending msg to client play-fork-run-ac7a0870-dc64-4ef1-af20-baee160a2faf: TaskStarted(21,2279,Some(AttributeKey[scala.collection.Seq[sbt.Resolver]]("fullResolvers") in Scope(Build: file:/C:/Users/Cheng/computer-database-scala/, , Project: ProjectReference(file:/C:/Users/Cheng/computer-database-scala/,root))))
Sending msg to client play-fork-run-ac7a0870-dc64-4ef1-af20-baee160a2faf: TaskFinished(21,2303,Some(AttributeKey[scala.collection.Seq[sbt.Attributed[java.io.File]]]("unmanagedJars") in Scope(Build: file:/C:/Users/Cheng/computer-database-scala/, , Project: ProjectReference(file:/C:/Users/Cheng/computer-database-scala/,root), Config: compile)),true,None)
Sending msg to client play-fork-run-ac7a0870-dc64-4ef1-af20-baee160a2faf: TaskStarted(21,2299,None)
Sending msg to client play-fork-run-ac7a0870-dc64-4ef1-af20-baee160a2faf: TaskFinished(21,2279,Some(AttributeKey[scala.collection.Seq[sbt.Resolver]]("fullResolvers") in Scope(Build: file:/C:/Users/Cheng/computer-database-scala/, , Project: ProjectReference(file:/C:/Users/Cheng/computer-database-scala/,root))),true,None)
Sending msg to client play-fork-run-ac7a0870-dc64-4ef1-af20-baee160a2faf: TaskStarted(21,2278,Some(AttributeKey[sbt.IvyConfiguration]("ivyConfiguration") in Scope(Build: file:/C:/Users/Cheng/computer-database-scala/, , Project: ProjectReference(file:/C:/Users/Cheng/computer-database-scala/,root))))
Sending msg to client play-fork-run-ac7a0870-dc64-4ef1-af20-baee160a2faf: TaskFinished(21,2278,Some(AttributeKey[sbt.IvyConfiguration]("ivyConfiguration") in Scope(Build: file:/C:/Users/Cheng/computer-database-scala/, , Project: ProjectReference(file:/C:/Users/Cheng/computer-database-scala/,root))),true,None)
Sending msg to client play-fork-run-ac7a0870-dc64-4ef1-af20-baee160a2faf: TaskStarted(21,2276,Some(AttributeKey[sbt.IvySbt]("ivySbt") in Scope(Build: file:/C:/Users/Cheng/computer-database-scala/, , Project: ProjectReference(file:/C:/Users/Cheng/computer-database-scala/,root))))
Sending msg to client play-fork-run-ac7a0870-dc64-4ef1-af20-baee160a2faf: TaskFinished(21,2299,None,true,None)
Sending msg to client play-fork-run-ac7a0870-dc64-4ef1-af20-baee160a2faf: TaskStarted(21,2298,None)
Sending msg to client play-fork-run-ac7a0870-dc64-4ef1-af20-baee160a2faf: TaskFinished(21,2298,None,true,None)
Sending msg to client play-fork-run-ac7a0870-dc64-4ef1-af20-baee160a2faf: TaskFinished(21,2247,None,true,None)
Sending msg to client play-fork-run-ac7a0870-dc64-4ef1-af20-baee160a2faf: TaskStarted(21,2246,Some(AttributeKey[scala.collection.Seq[sbt.Attributed[java.io.File]]]("unmanagedClasspath") in Scope(Build: file:/C:/Users/Cheng/computer-database-scala/, , Project: ProjectReference(file:/C:/Users/Cheng/computer-database-scala/,root), Config: runtime)))
Sending msg to client play-fork-run-ac7a0870-dc64-4ef1-af20-baee160a2faf: TaskFinished(21,2276,Some(AttributeKey[sbt.IvySbt]("ivySbt") in Scope(Build: file:/C:/Users/Cheng/computer-database-scala/, , Project: ProjectReference(file:/C:/Users/Cheng/computer-database-scala/,root))),true,None)
Sending msg to client play-fork-run-ac7a0870-dc64-4ef1-af20-baee160a2faf: TaskStarted(21,2272,Some(AttributeKey[sbt.IvySbt$Module]("ivyModule") in Scope(Build: file:/C:/Users/Cheng/computer-database-scala/, , Project: ProjectReference(file:/C:/Users/Cheng/computer-database-scala/,root))))
Sending msg to client play-fork-run-ac7a0870-dc64-4ef1-af20-baee160a2faf: TaskFinished(21,2246,Some(AttributeKey[scala.collection.Seq[sbt.Attributed[java.io.File]]]("unmanagedClasspath") in Scope(Build: file:/C:/Users/Cheng/computer-database-scala/, , Project: ProjectReference(file:/C:/Users/Cheng/computer-database-scala/,root), Config: runtime)),true,None)
Sending msg to client play-fork-run-ac7a0870-dc64-4ef1-af20-baee160a2faf: TaskFinished(21,2272,Some(AttributeKey[sbt.IvySbt$Module]("ivyModule") in Scope(Build: file:/C:/Users/Cheng/computer-database-scala/, , Project: ProjectReference(file:/C:/Users/Cheng/computer-database-scala/,root))),true,None)
Sending msg to client play-fork-run-ac7a0870-dc64-4ef1-af20-baee160a2faf: TaskStarted(21,2261,Some(AttributeKey[sbt.UpdateReport]("update") in Scope(Build: file:/C:/Users/Cheng/computer-database-scala/, , Project: ProjectReference(file:/C:/Users/Cheng/computer-database-scala/,root))))
Sending msg to client play-fork-run-ac7a0870-dc64-4ef1-af20-baee160a2faf: TaskFinished(21,2261,Some(AttributeKey[sbt.UpdateReport]("update") in Scope(Build: file:/C:/Users/Cheng/computer-database-scala/, , Project: ProjectReference(file:/C:/Users/Cheng/computer-database-scala/,root))),true,None)
Sending msg to client play-fork-run-ac7a0870-dc64-4ef1-af20-baee160a2faf: TaskStarted(21,2260,Some(AttributeKey[sbt.UpdateReport]("update") in Scope(Build: file:/C:/Users/Cheng/computer-database-scala/, , Project: ProjectReference(file:/C:/Users/Cheng/computer-database-scala/,root))))
Sending msg to client play-fork-run-ac7a0870-dc64-4ef1-af20-baee160a2faf: TaskFinished(21,2260,Some(AttributeKey[sbt.UpdateReport]("update") in Scope(Build: file:/C:/Users/Cheng/computer-database-scala/, , Project: ProjectReference(file:/C:/Users/Cheng/computer-database-scala/,root))),true,None)
Sending msg to client play-fork-run-ac7a0870-dc64-4ef1-af20-baee160a2faf: TaskStarted(21,2258,Some(AttributeKey[sbt.Configuration]("classpathConfiguration") in Scope(Build: file:/C:/Users/Cheng/computer-database-scala/, , Project: ProjectReference(file:/C:/Users/Cheng/computer-database-scala/,root), Config: compile)))
Sending msg to client play-fork-run-ac7a0870-dc64-4ef1-af20-baee160a2faf: TaskStarted(21,2291,Some(AttributeKey[scala.collection.Seq[sbt.Attributed[java.io.File]]]("managedClasspath") in Scope(Build: file:/C:/Users/Cheng/computer-database-scala/, , Project: ProjectReference(file:/C:/Users/Cheng/computer-database-scala/,root), Config: docs)))
Sending msg to client play-fork-run-ac7a0870-dc64-4ef1-af20-baee160a2faf: TaskFinished(21,2258,Some(AttributeKey[sbt.Configuration]("classpathConfiguration") in Scope(Build: file:/C:/Users/Cheng/computer-database-scala/, , Project: ProjectReference(file:/C:/Users/Cheng/computer-database-scala/,root), Config: compile)),true,None)
Sending msg to client play-fork-run-ac7a0870-dc64-4ef1-af20-baee160a2faf: TaskStarted(21,2257,None)
Sending msg to client play-fork-run-ac7a0870-dc64-4ef1-af20-baee160a2faf: TaskFinished(21,2257,None,true,None)
Sending msg to client play-fork-run-ac7a0870-dc64-4ef1-af20-baee160a2faf: TaskStarted(21,2256,Some(AttributeKey[sbt.Configuration]("classpathConfiguration") in Scope(Build: file:/C:/Users/Cheng/computer-database-scala/, , Project: ProjectReference(file:/C:/Users/Cheng/computer-database-scala/,root), Config: runtime)))
Sending msg to client play-fork-run-ac7a0870-dc64-4ef1-af20-baee160a2faf: TaskFinished(21,2291,Some(AttributeKey[scala.collection.Seq[sbt.Attributed[java.io.File]]]("managedClasspath") in Scope(Build: file:/C:/Users/Cheng/computer-database-scala/, , Project: ProjectReference(file:/C:/Users/Cheng/computer-database-scala/,root), Config: docs)),true,None)
Sending msg to client play-fork-run-ac7a0870-dc64-4ef1-af20-baee160a2faf: TaskFinished(21,2256,Some(AttributeKey[sbt.Configuration]("classpathConfiguration") in Scope(Build: file:/C:/Users/Cheng/computer-database-scala/, , Project: ProjectReference(file:/C:/Users/Cheng/computer-database-scala/,root), Config: runtime)),true,None)
Sending msg to client play-fork-run-ac7a0870-dc64-4ef1-af20-baee160a2faf: TaskStarted(21,2255,None)
Sending msg to client play-fork-run-ac7a0870-dc64-4ef1-af20-baee160a2faf: TaskFinished(21,2255,None,true,None)
Sending msg to client play-fork-run-ac7a0870-dc64-4ef1-af20-baee160a2faf: TaskStarted(21,2253,Some(AttributeKey[scala.collection.Seq[sbt.Attributed[java.io.File]]]("managedClasspath") in Scope(Build: file:/C:/Users/Cheng/computer-database-scala/, , Project: ProjectReference(file:/C:/Users/Cheng/computer-database-scala/,root), Config: runtime)))
Sending msg to client play-fork-run-ac7a0870-dc64-4ef1-af20-baee160a2faf: TaskFinished(21,2253,Some(AttributeKey[scala.collection.Seq[sbt.Attributed[java.io.File]]]("managedClasspath") in Scope(Build: file:/C:/Users/Cheng/computer-database-scala/, , Project: ProjectReference(file:/C:/Users/Cheng/computer-database-scala/,root), Config: runtime)),true,None)
Sending msg to client play-fork-run-ac7a0870-dc64-4ef1-af20-baee160a2faf: TaskStarted(21,2245,None)
Sending msg to client play-fork-run-ac7a0870-dc64-4ef1-af20-baee160a2faf: TaskFinished(21,2245,None,true,None)
Sending msg to client play-fork-run-ac7a0870-dc64-4ef1-af20-baee160a2faf: TaskStarted(21,2244,Some(AttributeKey[scala.collection.Seq[sbt.Attributed[java.io.File]]]("playDependencyClasspath") in Scope(Build: file:/C:/Users/Cheng/computer-database-scala/, , Project: ProjectReference(file:/C:/Users/Cheng/computer-database-scala/,root))))
Sending msg to client play-fork-run-ac7a0870-dc64-4ef1-af20-baee160a2faf: TaskFinished(21,2244,Some(AttributeKey[scala.collection.Seq[sbt.Attributed[java.io.File]]]("playDependencyClasspath") in Scope(Build: file:/C:/Users/Cheng/computer-database-scala/, , Project: ProjectReference(file:/C:/Users/Cheng/computer-database-scala/,root))),true,None)
Sending msg to client play-fork-run-ac7a0870-dc64-4ef1-af20-baee160a2faf: TaskStarted(21,2243,Some(AttributeKey[play.forkrun.protocol.ForkConfig]("playForkConfig") in Scope(Build: file:/C:/Users/Cheng/computer-database-scala/, , Project: ProjectReference(file:/C:/Users/Cheng/computer-database-scala/,root))))
Sending msg to client play-fork-run-ac7a0870-dc64-4ef1-af20-baee160a2faf: TaskFinished(21,2243,Some(AttributeKey[play.forkrun.protocol.ForkConfig]("playForkConfig") in Scope(Build: file:/C:/Users/Cheng/computer-database-scala/, , Project: ProjectReference(file:/C:/Users/Cheng/computer-database-scala/,root))),true,None)
Sending msg to client play-fork-run-ac7a0870-dc64-4ef1-af20-baee160a2faf: ValueChanged(AttributeKey[play.forkrun.protocol.ForkConfig]("playForkConfig") in Scope(Build: file:/C:/Users/Cheng/computer-database-scala/, , Project: ProjectReference(file:/C:/Users/Cheng/computer-database-scala/,root)),TaskSuccess(BuildValue(LazyValue(ForkConfig(C:\Users\Cheng\computer-database-scala,List(),List(C:\Users\Cheng\.ivy2\cache\org.scala-lang\scala-library\jars\scala-library-2.11.4.jar, C:\Users\Cheng\.ivy2\cache\com.typesafe.play\twirl-api_2.11\jars\twirl-api_2.11-1.0.2.jar, C:\Users\Cheng\.ivy2\cache\org.apache.commons\commons-lang3\jars\commons-lang3-3.1.jar, C:\Users\Cheng\.ivy2\cache\org.scala-lang.modules\scala-xml_2.11\bundles\scala-xml_2.11-1.0.1.jar, C:\Users\Cheng\.ivy2\cache\com.typesafe.play\play_2.11\jars\play_2.11-2.3.8.jar, C:\Users\Cheng\.ivy2\cache\com.typesafe.play\build-link\jars\build-link-2.3.8.jar, C:\Users\Cheng\.ivy2\cache\com.typesafe.play\play-exceptions\jars\play-exceptions-2.3.8.jar, C:\Users\Cheng\.ivy2\cache\org.javassist\javassist\bundles\javassist-3.18.2-GA.jar, C:\Users\Cheng\.ivy2\cache\com.typesafe.play\play-iteratees_2.11\jars\play-iteratees_2.11-2.3.8.jar, C:\Users\Cheng\.ivy2\cache\org.scala-stm\scala-stm_2.11\jars\scala-stm_2.11-0.7.jar, C:\Users\Cheng\.ivy2\cache\com.typesafe\config\bundles\config-1.2.1.jar, C:\Users\Cheng\.ivy2\cache\com.typesafe.play\play-json_2.11\jars\play-json_2.11-2.3.8.jar, C:\Users\Cheng\.ivy2\cache\com.typesafe.play\play-functional_2.11\jars\play-functional_2.11-2.3.8.jar, C:\Users\Cheng\.ivy2\cache\com.typesafe.play\play-datacommons_2.11\jars\play-datacommons_2.11-2.3.8.jar, C:\Users\Cheng\.ivy2\cache\joda-time\joda-time\jars\joda-time-2.3.jar, C:\Users\Cheng\.ivy2\cache\org.joda\joda-convert\jars\joda-convert-1.6.jar, C:\Users\Cheng\.ivy2\cache\com.fasterxml.jackson.core\jackson-annotations\bundles\jackson-annotations-2.3.2.jar, C:\Users\Cheng\.ivy2\cache\com.fasterxml.jackson.core\jackson-core\bundles\jackson-core-2.3.2.jar, C:\Users\Cheng\.ivy2\cache\com.fasterxml.jackson.core\jackson-databind\bundles\jackson-databind-2.3.2.jar, C:\Users\Cheng\.ivy2\cache\org.scala-lang\scala-reflect\jars\scala-reflect-2.11.1.jar, C:\Users\Cheng\.ivy2\cache\org.scala-lang.modules\scala-parser-combinators_2.11\bundles\scala-parser-combinators_2.11-1.0.1.jar, C:\Users\Cheng\.ivy2\cache\io.netty\netty\bundles\netty-3.9.3.Final.jar, C:\Users\Cheng\.ivy2\cache\com.typesafe.netty\netty-http-pipelining\jars\netty-http-pipelining-1.1.2.jar, C:\Users\Cheng\.ivy2\cache\org.slf4j\slf4j-api\jars\slf4j-api-1.7.6.jar, C:\Users\Cheng\.ivy2\cache\org.slf4j\jul-to-slf4j\jars\jul-to-slf4j-1.7.6.jar, C:\Users\Cheng\.ivy2\cache\org.slf4j\jcl-over-slf4j\jars\jcl-over-slf4j-1.7.6.jar, C:\Users\Cheng\.ivy2\cache\ch.qos.logback\logback-core\jars\logback-core-1.1.1.jar, C:\Users\Cheng\.ivy2\cache\ch.qos.logback\logback-classic\jars\logback-classic-1.1.1.jar, C:\Users\Cheng\.ivy2\cache\com.typesafe.akka\akka-actor_2.11\jars\akka-actor_2.11-2.3.4.jar, C:\Users\Cheng\.ivy2\cache\com.typesafe.akka\akka-slf4j_2.11\jars\akka-slf4j_2.11-2.3.4.jar, C:\Users\Cheng\.ivy2\cache\commons-codec\commons-codec\jars\commons-codec-1.9.jar, C:\Users\Cheng\.ivy2\cache\xerces\xercesImpl\jars\xercesImpl-2.11.0.jar, C:\Users\Cheng\.ivy2\cache\xml-apis\xml-apis\jars\xml-apis-1.4.01.jar, C:\Users\Cheng\.ivy2\cache\javax.transaction\jta\jars\jta-1.1.jar, C:\Users\Cheng\.ivy2\cache\com.typesafe.play\play-jdbc_2.11\jars\play-jdbc_2.11-2.3.8.jar, C:\Users\Cheng\.ivy2\cache\com.jolbox\bonecp\bundles\bonecp-0.8.0.RELEASE.jar, C:\Users\Cheng\.ivy2\cache\com.google.guava\guava\bundles\guava-15.0.jar, C:\Users\Cheng\.ivy2\cache\com.h2database\h2\jars\h2-1.3.175.jar, C:\Users\Cheng\.ivy2\cache\tyrex\tyrex\jars\tyrex-1.0.1.jar, C:\Users\Cheng\.ivy2\cache\com.typesafe.play\anorm_2.11\jars\anorm_2.11-2.3.8.jar, C:\Users\Cheng\.ivy2\cache\com.jsuereth\scala-arm_2.11\jars\scala-arm_2.11-1.4.jar, C:\Users\Cheng\.ivy2\cache\org.scala-lang.plugins\scala-continuations-library_2.11\bundles\scala-continuations-library_2.11-1.0.1.jar, C:\Users\Cheng\.ivy2\cache\org.webjars\jquery\jars\jquery-2.1.1.jar, C:\Users\Cheng\.ivy2\cache\org.webjars\bootstrap\jars\bootstrap-3.3.1.jar),List((public/,C:\Users\Cheng\computer-database-scala\target\web\public\main)),List(C:\Users\Cheng\.ivy2\cache\com.typesafe.play\play-docs_2.11\jars\play-docs_2.11-2.3.8.jar, C:\Users\Cheng\.ivy2\cache\org.scala-lang\scala-library\jars\scala-library-2.11.1.jar, C:\Users\Cheng\.ivy2\cache\com.typesafe.play\play_2.11\jars\play_2.11-2.3.8.jar, C:\Users\Cheng\.ivy2\cache\com.typesafe.play\build-link\jars\build-link-2.3.8.jar, C:\Users\Cheng\.ivy2\cache\com.typesafe.play\play-exceptions\jars\play-exceptions-2.3.8.jar, C:\Users\Cheng\.ivy2\cache\org.javassist\javassist\bundles\javassist-3.18.2-GA.jar, C:\Users\Cheng\.ivy2\cache\com.typesafe.play\play-iteratees_2.11\jars\play-iteratees_2.11-2.3.8.jar, C:\Users\Cheng\.ivy2\cache\org.scala-stm\scala-stm_2.11\jars\scala-stm_2.11-0.7.jar, C:\Users\Cheng\.ivy2\cache\com.typesafe\config\bundles\config-1.2.1.jar, C:\Users\Cheng\.ivy2\cache\com.typesafe.play\play-json_2.11\jars\play-json_2.11-2.3.8.jar, C:\Users\Cheng\.ivy2\cache\com.typesafe.play\play-functional_2.11\jars\play-functional_2.11-2.3.8.jar, C:\Users\Cheng\.ivy2\cache\com.typesafe.play\play-datacommons_2.11\jars\play-datacommons_2.11-2.3.8.jar, C:\Users\Cheng\.ivy2\cache\joda-time\joda-time\jars\joda-time-2.3.jar, C:\Users\Cheng\.ivy2\cache\org.joda\joda-convert\jars\joda-convert-1.6.jar, C:\Users\Cheng\.ivy2\cache\com.fasterxml.jackson.core\jackson-annotations\bundles\jackson-annotations-2.3.2.jar, C:\Users\Cheng\.ivy2\cache\com.fasterxml.jackson.core\jackson-core\bundles\jackson-core-2.3.2.jar, C:\Users\Cheng\.ivy2\cache\com.fasterxml.jackson.core\jackson-databind\bundles\jackson-databind-2.3.2.jar, C:\Users\Cheng\.ivy2\cache\org.scala-lang\scala-reflect\jars\scala-reflect-2.11.1.jar, C:\Users\Cheng\.ivy2\cache\com.typesafe.play\twirl-api_2.11\jars\twirl-api_2.11-1.0.2.jar, C:\Users\Cheng\.ivy2\cache\org.apache.commons\commons-lang3\jars\commons-lang3-3.1.jar, C:\Users\Cheng\.ivy2\cache\org.scala-lang.modules\scala-xml_2.11\bundles\scala-xml_2.11-1.0.1.jar, C:\Users\Cheng\.ivy2\cache\org.scala-lang.modules\scala-parser-combinators_2.11\bundles\scala-parser-combinators_2.11-1.0.1.jar, C:\Users\Cheng\.ivy2\cache\io.netty\netty\bundles\netty-3.9.3.Final.jar, C:\Users\Cheng\.ivy2\cache\com.typesafe.netty\netty-http-pipelining\jars\netty-http-pipelining-1.1.2.jar, C:\Users\Cheng\.ivy2\cache\org.slf4j\slf4j-api\jars\slf4j-api-1.7.6.jar, C:\Users\Cheng\.ivy2\cache\org.slf4j\jul-to-slf4j\jars\jul-to-slf4j-1.7.6.jar, C:\Users\Cheng\.ivy2\cache\org.slf4j\jcl-over-slf4j\jars\jcl-over-slf4j-1.7.6.jar, C:\Users\Cheng\.ivy2\cache\ch.qos.logback\logback-core\jars\logback-core-1.1.1.jar, C:\Users\Cheng\.ivy2\cache\ch.qos.logback\logback-classic\jars\logback-classic-1.1.1.jar, C:\Users\Cheng\.ivy2\cache\com.typesafe.akka\akka-actor_2.11\jars\akka-actor_2.11-2.3.4.jar, C:\Users\Cheng\.ivy2\cache\com.typesafe.akka\akka-slf4j_2.11\jars\akka-slf4j_2.11-2.3.4.jar, C:\Users\Cheng\.ivy2\cache\commons-codec\commons-codec\jars\commons-codec-1.9.jar, C:\Users\Cheng\.ivy2\cache\xerces\xercesImpl\jars\xercesImpl-2.11.0.jar, C:\Users\Cheng\.ivy2\cache\xml-apis\xml-apis\jars\xml-apis-1.4.01.jar, C:\Users\Cheng\.ivy2\cache\javax.transaction\jta\jars\jta-1.1.jar, C:\Users\Cheng\.ivy2\cache\com.typesafe.play\play-doc_2.11\jars\play-doc_2.11-1.1.0.jar, C:\Users\Cheng\.ivy2\cache\org.pegdown\pegdown\jars\pegdown-1.4.0.jar, C:\Users\Cheng\.ivy2\cache\org.parboiled\parboiled-java\bundles\parboiled-java-1.1.5.jar, C:\Users\Cheng\.ivy2\cache\org.parboiled\parboiled-core\bundles\parboiled-core-1.1.5.jar, C:\Users\Cheng\.ivy2\cache\org.ow2.asm\asm\jars\asm-4.1.jar, C:\Users\Cheng\.ivy2\cache\org.ow2.asm\asm-tree\jars\asm-tree-4.1.jar, C:\Users\Cheng\.ivy2\cache\org.ow2.asm\asm-analysis\jars\asm-analysis-4.1.jar, C:\Users\Cheng\.ivy2\cache\org.ow2.asm\asm-util\jars\asm-util-4.1.jar, C:\Users\Cheng\.ivy2\cache\commons-io\commons-io\jars\commons-io-2.4.jar),List(),9000,DefaultWatchService,List(C:\Users\Cheng\computer-database-scala\app-2.11, C:\Users\Cheng\computer-database-scala\app, C:\Users\Cheng\computer-database-scala\conf, C:\Users\Cheng\computer-database-scala\app\assets, C:\Users\Cheng\computer-database-scala\public),C:\Users\Cheng\computer-database-scala\target,500,root/playForkNotifyStart,root/playForkReload,300000),scala.pickling.PicklerUnpickler$DelegatingPicklerUnpickler@7f070c87),ForkConfig(C:\Users\Cheng\computer-database-scala,List(),List(C:\Users\Cheng\.ivy2\cache\org.scala-lang\scala-library\jars\scala-library-2.11.4.jar, C:\Users\Cheng\.ivy2\cache\com.typesafe.play\twirl-api_2.11\jars\twirl-api_2.11-1.0.2.jar, C:\Users\Cheng\.ivy2\cache\org.apache.commons\commons-lang3\jars\commons-lang3-3.1.jar, C:\Users\Cheng\.ivy2\cache\org.scala-lang.modules\scala-xml_2.11\bundles\scala-xml_2.11-1.0.1.jar, C:\Users\Cheng\.ivy2\cache\com.typesafe.play\play_2.11\jars\play_2.11-2.3.8.jar, C:\Users\Cheng\.ivy2\cache\com.typesafe.play\build-link\jars\build-link-2.3.8.jar, C:\Users\Cheng\.ivy2\cache\com.typesafe.play\play-exceptions\jars\play-exceptions-2.3.8.jar, C:\Users\Cheng\.ivy2\cache\org.javassist\javassist\bundles\javassist-3.18.2-GA.jar, C:\Users\Cheng\.ivy2\cache\com.typesafe.play\play-iteratees_2.11\jars\play-iteratees_2.11-2.3.8.jar, C:\Users\Cheng\.ivy2\cache\org.scala-stm\scala-stm_2.11\jars\scala-stm_2.11-0.7.jar, C:\Users\Cheng\.ivy2\cache\com.typesafe\config\bundles\config-1.2.1.jar, C:\Users\Cheng\.ivy2\cache\com.typesafe.play\play-json_2.11\jars\play-json_2.11-2.3.8.jar, C:\Users\Cheng\.ivy2\cache\com.typesafe.play\play-functional_2.11\jars\play-functional_2.11-2.3.8.jar, C:\Users\Cheng\.ivy2\cache\com.typesafe.play\play-datacommons_2.11\jars\play-datacommons_2.11-2.3.8.jar, C:\Users\Cheng\.ivy2\cache\joda-time\joda-time\jars\joda-time-2.3.jar, C:\Users\Cheng\.ivy2\cache\org.joda\joda-convert\jars\joda-convert-1.6.jar, C:\Users\Cheng\.ivy2\cache\com.fasterxml.jackson.core\jackson-annotations\bundles\jackson-annotations-2.3.2.jar, C:\Users\Cheng\.ivy2\cache\com.fasterxml.jackson.core\jackson-core\bundles\jackson-core-2.3.2.jar, C:\Users\Cheng\.ivy2\cache\com.fasterxml.jackson.core\jackson-databind\bundles\jackson-databind-2.3.2.jar, C:\Users\Cheng\.ivy2\cache\org.scala-lang\scala-reflect\jars\scala-reflect-2.11.1.jar, C:\Users\Cheng\.ivy2\cache\org.scala-lang.modules\scala-parser-combinators_2.11\bundles\scala-parser-combinators_2.11-1.0.1.jar, C:\Users\Cheng\.ivy2\cache\io.netty\netty\bundles\netty-3.9.3.Final.jar, C:\Users\Cheng\.ivy2\cache\com.typesafe.netty\netty-http-pipelining\jars\netty-http-pipelining-1.1.2.jar, C:\Users\Cheng\.ivy2\cache\org.slf4j\slf4j-api\jars\slf4j-api-1.7.6.jar, C:\Users\Cheng\.ivy2\cache\org.slf4j\jul-to-slf4j\jars\jul-to-slf4j-1.7.6.jar, C:\Users\Cheng\.ivy2\cache\org.slf4j\jcl-over-slf4j\jars\jcl-over-slf4j-1.7.6.jar, C:\Users\Cheng\.ivy2\cache\ch.qos.logback\logback-core\jars\logback-core-1.1.1.jar, C:\Users\Cheng\.ivy2\cache\ch.qos.logback\logback-classic\jars\logback-classic-1.1.1.jar, C:\Users\Cheng\.ivy2\cache\com.typesafe.akka\akka-actor_2.11\jars\akka-actor_2.11-2.3.4.jar, C:\Users\Cheng\.ivy2\cache\com.typesafe.akka\akka-slf4j_2.11\jars\akka-slf4j_2.11-2.3.4.jar, C:\Users\Cheng\.ivy2\cache\commons-codec\commons-codec\jars\commons-codec-1.9.jar, C:\Users\Cheng\.ivy2\cache\xerces\xercesImpl\jars\xercesImpl-2.11.0.jar, C:\Users\Cheng\.ivy2\cache\xml-apis\xml-apis\jars\xml-apis-1.4.01.jar, C:\Users\Cheng\.ivy2\cache\javax.transaction\jta\jars\jta-1.1.jar, C:\Users\Cheng\.ivy2\cache\com.typesafe.play\play-jdbc_2.11\jars\play-jdbc_2.11-2.3.8.jar, C:\Users\Cheng\.ivy2\cache\com.jolbox\bonecp\bundles\bonecp-0.8.0.RELEASE.jar, C:\Users\Cheng\.ivy2\cache\com.google.guava\guava\bundles\guava-15.0.jar, C:\Users\Cheng\.ivy2\cache\com.h2database\h2\jars\h2-1.3.175.jar, C:\Users\Cheng\.ivy2\cache\tyrex\tyrex\jars\tyrex-1.0.1.jar, C:\Users\Cheng\.ivy2\cache\com.typesafe.play\anorm_2.11\jars\anorm_2.11-2.3.8.jar, C:\Users\Cheng\.ivy2\cache\com.jsuereth\scala-arm_2.11\jars\scala-arm_2.11-1.4.jar, C:\Users\Cheng\.ivy2\cache\org.scala-lang.plugins\scala-continuations-library_2.11\bundles\scala-continuations-library_2.11-1.0.1.jar, C:\Users\Cheng\.ivy2\cache\org.webjars\jquery\jars\jquery-2.1.1.jar, C:\Users\Cheng\.ivy2\cache\org.webjars\bootstrap\jars\bootstrap-3.3.1.jar),List((public/,C:\Users\Cheng\computer-database-scala\target\web\public\main)),List(C:\Users\Cheng\.ivy2\cache\com.typesafe.play\play-docs_2.11\jars\play-docs_2.11-2.3.8.jar, C:\Users\Cheng\.ivy2\cache\org.scala-lang\scala-library\jars\scala-library-2.11.1.jar, C:\Users\Cheng\.ivy2\cache\com.typesafe.play\play_2.11\jars\play_2.11-2.3.8.jar, C:\Users\Cheng\.ivy2\cache\com.typesafe.play\build-link\jars\build-link-2.3.8.jar, C:\Users\Cheng\.ivy2\cache\com.typesafe.play\play-exceptions\jars\play-exceptions-2.3.8.jar, C:\Users\Cheng\.ivy2\cache\org.javassist\javassist\bundles\javassist-3.18.2-GA.jar, C:\Users\Cheng\.ivy2\cache\com.typesafe.play\play-iteratees_2.11\jars\play-iteratees_2.11-2.3.8.jar, C:\Users\Cheng\.ivy2\cache\org.scala-stm\scala-stm_2.11\jars\scala-stm_2.11-0.7.jar, C:\Users\Cheng\.ivy2\cache\com.typesafe\config\bundles\config-1.2.1.jar, C:\Users\Cheng\.ivy2\cache\com.typesafe.play\play-json_2.11\jars\play-json_2.11-2.3.8.jar, C:\Users\Cheng\.ivy2\cache\com.typesafe.play\play-functional_2.11\jars\play-functional_2.11-2.3.8.jar, C:\Users\Cheng\.ivy2\cache\com.typesafe.play\play-datacommons_2.11\jars\play-datacommons_2.11-2.3.8.jar, C:\Users\Cheng\.ivy2\cache\joda-time\joda-time\jars\joda-time-2.3.jar, C:\Users\Cheng\.ivy2\cache\org.joda\joda-convert\jars\joda-convert-1.6.jar, C:\Users\Cheng\.ivy2\cache\com.fasterxml.jackson.core\jackson-annotations\bundles\jackson-annotations-2.3.2.jar, C:\Users\Cheng\.ivy2\cache\com.fasterxml.jackson.core\jackson-core\bundles\jackson-core-2.3.2.jar, C:\Users\Cheng\.ivy2\cache\com.fasterxml.jackson.core\jackson-databind\bundles\jackson-databind-2.3.2.jar, C:\Users\Cheng\.ivy2\cache\org.scala-lang\scala-reflect\jars\scala-reflect-2.11.1.jar, C:\Users\Cheng\.ivy2\cache\com.typesafe.play\twirl-api_2.11\jars\twirl-api_2.11-1.0.2.jar, C:\Users\Cheng\.ivy2\cache\org.apache.commons\commons-lang3\jars\commons-lang3-3.1.jar, C:\Users\Cheng\.ivy2\cache\org.scala-lang.modules\scala-xml_2.11\bundles\scala-xml_2.11-1.0.1.jar, C:\Users\Cheng\.ivy2\cache\org.scala-lang.modules\scala-parser-combinators_2.11\bundles\scala-parser-combinators_2.11-1.0.1.jar, C:\Users\Cheng\.ivy2\cache\io.netty\netty\bundles\netty-3.9.3.Final.jar, C:\Users\Cheng\.ivy2\cache\com.typesafe.netty\netty-http-pipelining\jars\netty-http-pipelining-1.1.2.jar, C:\Users\Cheng\.ivy2\cache\org.slf4j\slf4j-api\jars\slf4j-api-1.7.6.jar, C:\Users\Cheng\.ivy2\cache\org.slf4j\jul-to-slf4j\jars\jul-to-slf4j-1.7.6.jar, C:\Users\Cheng\.ivy2\cache\org.slf4j\jcl-over-slf4j\jars\jcl-over-slf4j-1.7.6.jar, C:\Users\Cheng\.ivy2\cache\ch.qos.logback\logback-core\jars\logback-core-1.1.1.jar, C:\Users\Cheng\.ivy2\cache\ch.qos.logback\logback-classic\jars\logback-classic-1.1.1.jar, C:\Users\Cheng\.ivy2\cache\com.typesafe.akka\akka-actor_2.11\jars\akka-actor_2.11-2.3.4.jar, C:\Users\Cheng\.ivy2\cache\com.typesafe.akka\akka-slf4j_2.11\jars\akka-slf4j_2.11-2.3.4.jar, C:\Users\Cheng\.ivy2\cache\commons-codec\commons-codec\jars\commons-codec-1.9.jar, C:\Users\Cheng\.ivy2\cache\xerces\xercesImpl\jars\xercesImpl-2.11.0.jar, C:\Users\Cheng\.ivy2\cache\xml-apis\xml-apis\jars\xml-apis-1.4.01.jar, C:\Users\Cheng\.ivy2\cache\javax.transaction\jta\jars\jta-1.1.jar, C:\Users\Cheng\.ivy2\cache\com.typesafe.play\play-doc_2.11\jars\play-doc_2.11-1.1.0.jar, C:\Users\Cheng\.ivy2\cache\org.pegdown\pegdown\jars\pegdown-1.4.0.jar, C:\Users\Cheng\.ivy2\cache\org.parboiled\parboiled-java\bundles\parboiled-java-1.1.5.jar, C:\Users\Cheng\.ivy2\cache\org.parboiled\parboiled-core\bundles\parboiled-core-1.1.5.jar, C:\Users\Cheng\.ivy2\cache\org.ow2.asm\asm\jars\asm-4.1.jar, C:\Users\Cheng\.ivy2\cache\org.ow2.asm\asm-tree\jars\asm-tree-4.1.jar, C:\Users\Cheng\.ivy2\cache\org.ow2.asm\asm-analysis\jars\asm-analysis-4.1.jar, C:\Users\Cheng\.ivy2\cache\org.ow2.asm\asm-util\jars\asm-util-4.1.jar, C:\Users\Cheng\.ivy2\cache\commons-io\commons-io\jars\commons-io-2.4.jar),List(),9000,DefaultWatchService,List(C:\Users\Cheng\computer-database-scala\app-2.11, C:\Users\Cheng\computer-database-scala\app, C:\Users\Cheng\computer-database-scala\conf, C:\Users\Cheng\computer-database-scala\app\assets, C:\Users\Cheng\computer-database-scala\public),C:\Users\Cheng\computer-database-scala\target,500,root/playForkNotifyStart,root/playForkReload,300000))))
Sending msg to client play-fork-run-ac7a0870-dc64-4ef1-af20-baee160a2faf: TaskStarted(21,2242,None)
Sending msg to client play-fork-run-ac7a0870-dc64-4ef1-af20-baee160a2faf: TaskFinished(21,2242,None,true,None)
Sending msg to client play-fork-run-ac7a0870-dc64-4ef1-af20-baee160a2faf: TaskStarted(21,2241,None)
Sending msg to client play-fork-run-ac7a0870-dc64-4ef1-af20-baee160a2faf: TaskFinished(21,2241,None,true,None)
Sending msg to client play-fork-run-ac7a0870-dc64-4ef1-af20-baee160a2faf: DetachedLogEvent(LogMessage(debug,cancel strategy finish enabled=false lastCommand=Some(LastCommand(CommandExecutionWork(ExecutionId(21),{file:/C:/Users/Cheng/computer-database-scala/}root/*:playForkConfig,Set(LiveClient(play-fork-run ac7a0870-dc64-4ef1-af20-baee160a2faf)),sbt.server.WorkCancellationStatus$$anon$1@6110b37e)))))
Sending msg to client play-fork-run-ac7a0870-dc64-4ef1-af20-baee160a2faf: DetachedLogEvent(LogSuccess(Total time: 2 s, completed 03.05.2015 21:15:45))
Sending msg to client play-fork-run-ac7a0870-dc64-4ef1-af20-baee160a2faf: DetachedLogEvent(LogMessage(debug,> server-post-command-cleanup))
Sending msg to client play-fork-run-ac7a0870-dc64-4ef1-af20-baee160a2faf: ExecutionSuccess(21)
Sending msg to client play-fork-run-ac7a0870-dc64-4ef1-af20-baee160a2faf: DetachedLogEvent(LogMessage(debug,> server-handle-next-server-request))
Sending msg to client play-fork-run-ac7a0870-dc64-4ef1-af20-baee160a2faf: ExecutionStarting(22)
Sending msg to client play-fork-run-ac7a0870-dc64-4ef1-af20-baee160a2faf: DetachedLogEvent(LogMessage(debug,> jobStop 3))
Sending msg to client play-fork-run-ac7a0870-dc64-4ef1-af20-baee160a2faf: DetachedLogEvent(LogMessage(debug,Evaluating tasks: *:jobStop))
Sending msg to client play-fork-run-ac7a0870-dc64-4ef1-af20-baee160a2faf: DetachedLogEvent(LogMessage(debug,Running task... Cancel: sbt.server.ServerTaskCancellation@5ec987d2, check cycles: false))
Sending msg to client play-fork-run-ac7a0870-dc64-4ef1-af20-baee160a2faf: DetachedLogEvent(LogMessage(debug,cancel strategy start enabled=true lastCommand=Some(LastCommand(CommandExecutionWork(ExecutionId(22),jobStop 3,Set(LiveClient(activator 814ad56b-c624-4997-b685-64aba40a408a)),sbt.server.WorkCancellationStatus$$anon$1@1a824641)))))
Sending msg to client play-fork-run-ac7a0870-dc64-4ef1-af20-baee160a2faf: TaskStarted(22,2315,Some(AttributeKey[void]("jobStop") in Scope(Global)))
Sending msg to client play-fork-run-ac7a0870-dc64-4ef1-af20-baee160a2faf: BackgroundJobLogEvent(3,LogMessage(info,Stopping Play fork run ...))
Sending msg to client play-fork-run-ac7a0870-dc64-4ef1-af20-baee160a2faf: TaskFinished(22,2315,Some(AttributeKey[void]("jobStop") in Scope(Global)),true,None)
Sending msg to client play-fork-run-ac7a0870-dc64-4ef1-af20-baee160a2faf: TaskStarted(22,2314,None)
Sending msg to client play-fork-run-ac7a0870-dc64-4ef1-af20-baee160a2faf: TaskFinished(22,2314,None,true,None)
Sending msg to client play-fork-run-ac7a0870-dc64-4ef1-af20-baee160a2faf: TaskStarted(22,2313,None)
Sending msg to client play-fork-run-ac7a0870-dc64-4ef1-af20-baee160a2faf: TaskFinished(22,2313,None,true,None)
Sending msg to client play-fork-run-ac7a0870-dc64-4ef1-af20-baee160a2faf: DetachedLogEvent(LogMessage(debug,cancel strategy finish enabled=false lastCommand=Some(LastCommand(CommandExecutionWork(ExecutionId(22),jobStop 3,Set(LiveClient(activator 814ad56b-c624-4997-b685-64aba40a408a)),sbt.server.WorkCancellationStatus$$anon$1@1a824641)))))
Sending msg to client play-fork-run-ac7a0870-dc64-4ef1-af20-baee160a2faf: DetachedLogEvent(LogSuccess(Total time: 0 s, completed 03.05.2015 21:15:45))
Sending msg to client play-fork-run-ac7a0870-dc64-4ef1-af20-baee160a2faf: DetachedLogEvent(LogMessage(debug,> server-post-command-cleanup))
Sending msg to client play-fork-run-ac7a0870-dc64-4ef1-af20-baee160a2faf: ExecutionSuccess(22)
Sending msg to client play-fork-run-ac7a0870-dc64-4ef1-af20-baee160a2faf: DetachedLogEvent(LogMessage(debug,> server-handle-next-server-request))
Sending msg to client play-fork-run-ac7a0870-dc64-4ef1-af20-baee160a2faf: BackgroundJobLogEvent(3,LogMessage(info,))
Sending msg to client play-fork-run-ac7a0870-dc64-4ef1-af20-baee160a2faf: BackgroundJobLogEvent(3,LogMessage(info,--- (Running the application, auto-reloading is enabled) ---))
Sending msg to client play-fork-run-ac7a0870-dc64-4ef1-af20-baee160a2faf: BackgroundJobLogEvent(3,LogMessage(info,))
Sending msg to client play-fork-run-ac7a0870-dc64-4ef1-af20-baee160a2faf: BackgroundJobLogEvent(3,LogMessage(info,play - Listening for HTTP on /0:0:0:0:0:0:0:0:9000))
Sending msg to client play-fork-run-ac7a0870-dc64-4ef1-af20-baee160a2faf: BackgroundJobLogEvent(3,LogMessage(info,))
Sending msg to client play-fork-run-ac7a0870-dc64-4ef1-af20-baee160a2faf: BackgroundJobLogEvent(3,LogMessage(info,(Server started, use Ctrl+D to stop and go back to the console...)))
Sending msg to client play-fork-run-ac7a0870-dc64-4ef1-af20-baee160a2faf: BackgroundJobLogEvent(3,LogMessage(info,))
Got request: ExecutionRequest(root/playForkNotifyStart http://localhost:9000)
Reading next message from client.
Sending msg to client play-fork-run-ac7a0870-dc64-4ef1-af20-baee160a2faf: (8,ExecutionRequestReceived(23))
Sending msg to client play-fork-run-ac7a0870-dc64-4ef1-af20-baee160a2faf: ExecutionWaiting(23,root/playForkNotifyStart http://localhost:9000,ClientInfo(ac7a0870-dc64-4ef1-af20-baee160a2faf,play-fork-run,Play Fork Run,1,Vector()))
Sending msg to client play-fork-run-ac7a0870-dc64-4ef1-af20-baee160a2faf: ExecutionStarting(23)
Sending msg to client play-fork-run-ac7a0870-dc64-4ef1-af20-baee160a2faf: DetachedLogEvent(LogMessage(debug,> root/playForkNotifyStart http://localhost:9000))
Got request: UnlistenToEvents()
Reading next message from client.
Sending msg to client play-fork-run-ac7a0870-dc64-4ef1-af20-baee160a2faf: (9,ReceivedResponse())
Got request: UnlistenToValue(AttributeKey[play.forkrun.protocol.ForkConfig]("playForkConfig") in Scope(Build: file:/C:/Users/Cheng/computer-database-scala/, , Project: ProjectReference(file:/C:/Users/Cheng/computer-database-scala/,root)))
Reading next message from client.
Client play-fork-run-ac7a0870-dc64-4ef1-af20-baee160a2faf EOF, shutting down.
Stopping client.
Client play-fork-run-ac7a0870-dc64-4ef1-af20-baee160a2faf thread exiting.
Dropping message (10,ReceivedResponse()) to dead client play-fork-run-ac7a0870-dc64-4ef1-af20-baee160a2faf
Dropping message (0,ReceivedResponse()) to dead client play-fork-run-ac7a0870-dc64-4ef1-af20-baee160a2faf
